Log file open, 07/24/20 19:23:05
LogInit: Display: Running engine for game: BananaTurntable
LogPlatformFile: Not using cached read wrapper
LogTaskGraph: Started task graph with 5 named threads and 23 total threads with 3 sets of task threads.
LogStats: Stats thread started at 0.219457
LogD3D11RHI: Loaded GFSDK_Aftermath_Lib.x64.dll
LogICUInternationalization: ICU TimeZone Detection - Raw Offset: +1:00, Platform Override: ''
LogPluginManager: Mounting plugin Paper2D
LogPluginManager: Mounting plugin AISupport
LogPluginManager: Mounting plugin LightPropagationVolume
LogPluginManager: Mounting plugin CameraShakePreviewer
LogPluginManager: Mounting plugin ActorLayerUtilities
LogPluginManager: Mounting plugin AnimationSharing
LogPluginManager: Mounting plugin CLionSourceCodeAccess
LogPluginManager: Mounting plugin CodeLiteSourceCodeAccess
LogPluginManager: Mounting plugin GitSourceControl
LogPluginManager: Mounting plugin KDevelopSourceCodeAccess
LogPluginManager: Mounting plugin NullSourceCodeAccess
LogPluginManager: Mounting plugin PerforceSourceControl
LogPluginManager: Mounting plugin PlasticSourceControl
LogPluginManager: Mounting plugin RiderSourceCodeAccess
LogPluginManager: Mounting plugin SubversionSourceControl
LogPluginManager: Mounting plugin UObjectPlugin
LogPluginManager: Mounting plugin VisualStudioCodeSourceCodeAccess
LogPluginManager: Mounting plugin VisualStudioSourceCodeAccess
LogPluginManager: Mounting plugin XCodeSourceCodeAccess
LogPluginManager: Mounting plugin AssetManagerEditor
LogPluginManager: Mounting plugin CryptoKeys
LogPluginManager: Mounting plugin CurveEditorTools
LogPluginManager: Mounting plugin DataValidation
LogPluginManager: Mounting plugin EditorScriptingUtilities
LogPluginManager: Mounting plugin FacialAnimation
LogPluginManager: Mounting plugin GameplayTagsEditor
LogPluginManager: Mounting plugin GeometryMode
LogPluginManager: Mounting plugin MacGraphicsSwitching
LogPluginManager: Mounting plugin MaterialAnalyzer
LogPluginManager: Mounting plugin MobileLauncherProfileWizard
LogPluginManager: Mounting plugin PluginBrowser
LogPluginManager: Mounting plugin SpeedTreeImporter
LogPluginManager: Mounting plugin DatasmithContent
LogPluginManager: Mounting plugin VariantManagerContent
LogPluginManager: Mounting plugin AlembicImporter
LogPluginManager: Mounting plugin AutomationUtils
LogPluginManager: Mounting plugin BackChannel
LogPluginManager: Mounting plugin ChaosCloth
LogPluginManager: Mounting plugin ChaosClothEditor
LogPluginManager: Mounting plugin ChaosEditor
LogPluginManager: Mounting plugin ChaosNiagara
LogPluginManager: Mounting plugin ChaosSolverPlugin
LogPluginManager: Mounting plugin CharacterAI
LogPluginManager: Mounting plugin GeometryCache
LogPluginManager: Mounting plugin GeometryCollectionPlugin
LogPluginManager: Mounting plugin GeometryProcessing
LogPluginManager: Mounting plugin PlanarCut
LogPluginManager: Mounting plugin PlatformCrypto
LogPluginManager: Mounting plugin ProxyLODPlugin
LogPluginManager: Mounting plugin SkeletalReduction
LogPluginManager: Mounting plugin Niagara
LogPluginManager: Mounting plugin MagicLeap
LogPluginManager: Mounting plugin MagicLeapLightEstimation
LogPluginManager: Mounting plugin MagicLeapMedia
LogPluginManager: Mounting plugin MagicLeapPassableWorld
LogPluginManager: Mounting plugin MLSDK
LogPluginManager: Mounting plugin AndroidMedia
LogPluginManager: Mounting plugin AvfMedia
LogPluginManager: Mounting plugin ImgMedia
LogPluginManager: Mounting plugin MediaCompositing
LogPluginManager: Mounting plugin MediaPlayerEditor
LogPluginManager: Mounting plugin WebMMedia
LogPluginManager: Mounting plugin WmfMedia
LogPluginManager: Mounting plugin MeshPainting
LogPluginManager: Mounting plugin TcpMessaging
LogPluginManager: Mounting plugin UdpMessaging
LogPluginManager: Mounting plugin ActorSequence
LogPluginManager: Mounting plugin LevelSequenceEditor
LogPluginManager: Mounting plugin MatineeToLevelSequence
LogPluginManager: Mounting plugin MovieRenderPipeline
LogPluginManager: Mounting plugin TemplateSequence
LogPluginManager: Mounting plugin NetcodeUnitTest
LogPluginManager: Mounting plugin NUTUnrealEngine4
LogPluginManager: Mounting plugin OnlineSubsystemGooglePlay
LogPluginManager: Mounting plugin OnlineSubsystemIOS
LogPluginManager: Mounting plugin OnlineSubsystem
LogPluginManager: Mounting plugin OnlineSubsystemNull
LogPluginManager: Mounting plugin OnlineSubsystemUtils
LogPluginManager: Mounting plugin LauncherChunkInstaller
LogPluginManager: Mounting plugin AndroidDeviceProfileSelector
LogPluginManager: Mounting plugin AndroidMoviePlayer
LogPluginManager: Mounting plugin AndroidPermission
LogPluginManager: Mounting plugin AppleImageUtils
LogPluginManager: Mounting plugin AppleMoviePlayer
LogPluginManager: Mounting plugin ArchVisCharacter
LogPluginManager: Mounting plugin AssetTags
LogPluginManager: Mounting plugin AudioCapture
LogPluginManager: Mounting plugin CableComponent
LogPluginManager: Mounting plugin CustomMeshComponent
LogPluginManager: Mounting plugin EditableMesh
LogPluginManager: Mounting plugin ExampleDeviceProfileSelector
LogPluginManager: Mounting plugin GoogleCloudMessaging
LogPluginManager: Mounting plugin GooglePAD
LogPluginManager: Mounting plugin IOSDeviceProfileSelector
LogPluginManager: Mounting plugin LinuxDeviceProfileSelector
LogPluginManager: Mounting plugin LocationServicesBPLibrary
LogPluginManager: Mounting plugin MobilePatchingUtils
LogPluginManager: Mounting plugin OculusVR
LogPluginManager: Mounting plugin PhysXVehicles
LogPluginManager: Mounting plugin PostSplashScreen
LogPluginManager: Mounting plugin ProceduralMeshComponent
LogPluginManager: Mounting plugin RuntimePhysXCooking
LogPluginManager: Mounting plugin SignificanceManager
LogPluginManager: Mounting plugin SoundFields
LogPluginManager: Mounting plugin SteamVR
LogPluginManager: Mounting plugin Synthesis
LogPluginManager: Mounting plugin WebMMoviePlayer
LogPluginManager: Mounting plugin WindowsMoviePlayer
LogPluginManager: Mounting plugin ScreenshotTools
LogInit: Using libcurl 7.55.1-DEV
LogInit:  - built for x86_64-pc-win32
LogInit:  - supports SSL with OpenSSL/1.1.1
LogInit:  - supports HTTP deflate (compression) using libz 1.2.8
LogInit:  - other features:
LogInit:      CURL_VERSION_SSL
LogInit:      CURL_VERSION_LIBZ
LogInit:      CURL_VERSION_IPV6
LogInit:      CURL_VERSION_ASYNCHDNS
LogInit:      CURL_VERSION_LARGEFILE
LogInit:      CURL_VERSION_IDN
LogInit:  CurlRequestOptions (configurable via config and command line):
LogInit:  - bVerifyPeer = true  - Libcurl will verify peer certificate
LogInit:  - bUseHttpProxy = false  - Libcurl will NOT use HTTP proxy
LogInit:  - bDontReuseConnections = false  - Libcurl will reuse connections
LogInit:  - MaxHostConnections = 16  - Libcurl will limit the number of connections to a host
LogInit:  - LocalHostAddr = Default
LogInit:  - BufferSize = 65536
LogOnline: OSS: Creating online subsystem instance for: NULL
LogInit: WinSock: version 1.1 (2.2), MaxSocks=32767, MaxUdp=65467
LogOnline: OSS: TryLoadSubsystemAndSetDefault: Loaded subsystem for module [NULL]
LogOculusPluginWrapper: OculusPlugin initialized successfully
LogHMD: Failed initializing OVRPlugin 1.44.0
LogInit: Build: ++UE4+Release-4.25-CL-13908680
LogInit: Engine Version: 4.25.2-13908680+++UE4+Release-4.25
LogInit: Compatible Engine Version: 4.25.0-13144385+++UE4+Release-4.25
LogInit: Net CL: 13144385
LogInit: OS: Windows 10 (Release 1903) (), CPU: Intel(R) Core(TM) i7-4790 CPU @ 3.60GHz, GPU: NVIDIA GeForce GTX 970
LogInit: Compiled (64-bit): Jul 22 2020 02:11:51
LogInit: Compiled with Visual C++: 19.24.28315.00
LogInit: Build Configuration: Development
LogInit: Branch Name: ++UE4+Release-4.25
LogInit: Command Line:  -EpicPortal -epicusername=ABDMA -epicuserid=201e017fcdd945f090b2b3cf7caf2f2f -epiclocale=fr
LogInit: Base Directory: D:/Program Files (x86)/UE_4.25/Engine/Binaries/Win64/
LogInit: Allocator: TBB
LogInit: Installed Engine Build: 1
LogDevObjectVersion: Number of dev versions registered: 26
LogDevObjectVersion:   Dev-Blueprints (B0D832E4-1F89-4F0D-ACCF-7EB736FD4AA2): 10
LogDevObjectVersion:   Dev-Build (E1C64328-A22C-4D53-A36C-8E866417BD8C): 0
LogDevObjectVersion:   Dev-Core (375EC13C-06E4-48FB-B500-84F0262A717E): 4
LogDevObjectVersion:   Dev-Editor (E4B068ED-F494-42E9-A231-DA0B2E46BB41): 38
LogDevObjectVersion:   Dev-Framework (CFFC743F-43B0-4480-9391-14DF171D2073): 37
LogDevObjectVersion:   Dev-Mobile (B02B49B5-BB20-44E9-A304-32B752E40360): 2
LogDevObjectVersion:   Dev-Networking (A4E4105C-59A1-49B5-A7C5-40C4547EDFEE): 0
LogDevObjectVersion:   Dev-Online (39C831C9-5AE6-47DC-9A44-9C173E1C8E7C): 0
LogDevObjectVersion:   Dev-Physics (78F01B33-EBEA-4F98-B9B4-84EACCB95AA2): 4
LogDevObjectVersion:   Dev-Platform (6631380F-2D4D-43E0-8009-CF276956A95A): 0
LogDevObjectVersion:   Dev-Rendering (12F88B9F-8875-4AFC-A67C-D90C383ABD29): 43
LogDevObjectVersion:   Dev-Sequencer (7B5AE74C-D270-4C10-A958-57980B212A5A): 12
LogDevObjectVersion:   Dev-VR (D7296918-1DD6-4BDD-9DE2-64A83CC13884): 3
LogDevObjectVersion:   Dev-LoadTimes (C2A15278-BFE7-4AFE-6C17-90FF531DF755): 1
LogDevObjectVersion:   Private-Geometry (6EACA3D4-40EC-4CC1-B786-8BED09428FC5): 3
LogDevObjectVersion:   Dev-AnimPhys (29E575DD-E0A3-4627-9D10-D276232CDCEA): 17
LogDevObjectVersion:   Dev-Anim (AF43A65D-7FD3-4947-9873-3E8ED9C1BB05): 7
LogDevObjectVersion:   Dev-ReflectionCapture (6B266CEC-1EC7-4B8F-A30B-E4D90942FC07): 1
LogDevObjectVersion:   Dev-Automation (0DF73D61-A23F-47EA-B727-89E90C41499A): 1
LogDevObjectVersion:   FortniteMain (601D1886-AC64-4F84-AA16-D3DE0DEAC7D6): 31
LogDevObjectVersion:   Dev-Enterprise (9DFFBCD6-494F-0158-E221-12823C92A888): 10
LogDevObjectVersion:   Dev-Niagara (F2AED0AC-9AFE-416F-8664-AA7FFA26D6FC): 1
LogDevObjectVersion:   Dev-Destruction (174F1F0B-B4C6-45A5-B13F-2EE8D0FB917D): 10
LogDevObjectVersion:   Dev-Physics-Ext (35F94A83-E258-406C-A318-09F59610247C): 37
LogDevObjectVersion:   Dev-PhysicsMaterial-Chaos (B68FC16E-8B1B-42E2-B453-215C058844FE): 1
LogDevObjectVersion:   Dev-CineCamera (B2E18506-4273-CFC2-A54E-F4BB758BBA07): 1
LogInit: Presizing for max 25165824 objects, including 0 objects not considered by GC, pre-allocating 0 bytes for permanent pool.
LogConfig: Applying CVar settings from Section [/Script/Engine.StreamingSettings] File [D:/Cours/Projects/aa/BananaTurntable/Saved/Config/Windows/Engine.ini]
LogConfig: Setting CVar [[s.MinBulkDataSizeForAsyncLoading:131072]]
LogConfig: Setting CVar [[s.AsyncLoadingThreadEnabled:0]]
LogConfig: Setting CVar [[s.EventDrivenLoaderEnabled:1]]
LogConfig: Setting CVar [[s.WarnIfTimeLimitExceeded:0]]
LogConfig: Setting CVar [[s.TimeLimitExceededMultiplier:1.5]]
LogConfig: Setting CVar [[s.TimeLimitExceededMinTime:0.005]]
LogConfig: Setting CVar [[s.UseBackgroundLevelStreaming:1]]
LogConfig: Setting CVar [[s.PriorityAsyncLoadingExtraTime:15.0]]
LogConfig: Setting CVar [[s.LevelStreamingActorsUpdateTimeLimit:5.0]]
LogConfig: Setting CVar [[s.PriorityLevelStreamingActorsUpdateExtraTime:5.0]]
LogConfig: Setting CVar [[s.LevelStreamingComponentsRegistrationGranularity:10]]
LogConfig: Setting CVar [[s.UnregisterComponentsTimeLimit:1.0]]
LogConfig: Setting CVar [[s.LevelStreamingComponentsUnregistrationGranularity:5]]
LogConfig: Setting CVar [[s.FlushStreamingOnExit:1]]
LogInit: Object subsystem initialized
LogConfig: Setting CVar [[con.DebugEarlyDefault:1]]
LogConfig: Setting CVar [[r.setres:1280x720]]
[2020.07.24-17.23.06:286][  0]LogConfig: Setting CVar [[r.VSync:0]]
[2020.07.24-17.23.06:286][  0]LogConfig: Setting CVar [[r.RHICmdBypass:0]]
[2020.07.24-17.23.06:286][  0]LogConfig: Applying CVar settings from Section [/Script/Engine.RendererSettings] File [D:/Cours/Projects/aa/BananaTurntable/Saved/Config/Windows/Engine.ini]
[2020.07.24-17.23.06:286][  0]LogConfig: Setting CVar [[r.GPUCrashDebugging:0]]
[2020.07.24-17.23.06:286][  0]LogConfig: Applying CVar settings from Section [/Script/Engine.RendererOverrideSettings] File [D:/Cours/Projects/aa/BananaTurntable/Saved/Config/Windows/Engine.ini]
[2020.07.24-17.23.06:286][  0]LogConfig: Applying CVar settings from Section [/Script/Engine.StreamingSettings] File [D:/Cours/Projects/aa/BananaTurntable/Saved/Config/Windows/Engine.ini]
[2020.07.24-17.23.06:286][  0]LogConfig: Setting CVar [[s.MinBulkDataSizeForAsyncLoading:131072]]
[2020.07.24-17.23.06:286][  0]LogConfig: Setting CVar [[s.AsyncLoadingThreadEnabled:0]]
[2020.07.24-17.23.06:286][  0]LogConfig: Setting CVar [[s.EventDrivenLoaderEnabled:1]]
[2020.07.24-17.23.06:286][  0]LogConfig: Setting CVar [[s.WarnIfTimeLimitExceeded:0]]
[2020.07.24-17.23.06:286][  0]LogConfig: Setting CVar [[s.TimeLimitExceededMultiplier:1.5]]
[2020.07.24-17.23.06:286][  0]LogConfig: Setting CVar [[s.TimeLimitExceededMinTime:0.005]]
[2020.07.24-17.23.06:286][  0]LogConfig: Setting CVar [[s.UseBackgroundLevelStreaming:1]]
[2020.07.24-17.23.06:286][  0]LogConfig: Setting CVar [[s.PriorityAsyncLoadingExtraTime:15.0]]
[2020.07.24-17.23.06:286][  0]LogConfig: Setting CVar [[s.LevelStreamingActorsUpdateTimeLimit:5.0]]
[2020.07.24-17.23.06:286][  0]LogConfig: Setting CVar [[s.PriorityLevelStreamingActorsUpdateExtraTime:5.0]]
[2020.07.24-17.23.06:286][  0]LogConfig: Setting CVar [[s.LevelStreamingComponentsRegistrationGranularity:10]]
[2020.07.24-17.23.06:286][  0]LogConfig: Setting CVar [[s.UnregisterComponentsTimeLimit:1.0]]
[2020.07.24-17.23.06:286][  0]LogConfig: Setting CVar [[s.LevelStreamingComponentsUnregistrationGranularity:5]]
[2020.07.24-17.23.06:286][  0]LogConfig: Setting CVar [[s.FlushStreamingOnExit:1]]
[2020.07.24-17.23.06:286][  0]LogConfig: Applying CVar settings from Section [/Script/Engine.GarbageCollectionSettings] File [D:/Cours/Projects/aa/BananaTurntable/Saved/Config/Windows/Engine.ini]
[2020.07.24-17.23.06:286][  0]LogConfig: Setting CVar [[gc.MaxObjectsNotConsideredByGC:1]]
[2020.07.24-17.23.06:286][  0]LogConfig: Setting CVar [[gc.SizeOfPermanentObjectPool:0]]
[2020.07.24-17.23.06:286][  0]LogConfig: Setting CVar [[gc.FlushStreamingOnGC:0]]
[2020.07.24-17.23.06:286][  0]LogConfig: Setting CVar [[gc.NumRetriesBeforeForcingGC:10]]
[2020.07.24-17.23.06:286][  0]LogConfig: Setting CVar [[gc.AllowParallelGC:1]]
[2020.07.24-17.23.06:286][  0]LogConfig: Setting CVar [[gc.TimeBetweenPurgingPendingKillObjects:61.1]]
[2020.07.24-17.23.06:286][  0]LogConfig: Setting CVar [[gc.MaxObjectsInEditor:25165824]]
[2020.07.24-17.23.06:286][  0]LogConfig: Setting CVar [[gc.IncrementalBeginDestroyEnabled:1]]
[2020.07.24-17.23.06:286][  0]LogConfig: Setting CVar [[gc.CreateGCClusters:1]]
[2020.07.24-17.23.06:286][  0]LogConfig: Setting CVar [[gc.MinGCClusterSize:5]]
[2020.07.24-17.23.06:286][  0]LogConfig: Setting CVar [[gc.ActorClusteringEnabled:0]]
[2020.07.24-17.23.06:286][  0]LogConfig: Setting CVar [[gc.BlueprintClusteringEnabled:0]]
[2020.07.24-17.23.06:286][  0]LogConfig: Setting CVar [[gc.UseDisregardForGCOnDedicatedServers:0]]
[2020.07.24-17.23.06:286][  0]LogConfig: Applying CVar settings from Section [/Script/Engine.NetworkSettings] File [D:/Cours/Projects/aa/BananaTurntable/Saved/Config/Windows/Engine.ini]
[2020.07.24-17.23.06:286][  0]LogConfig: Applying CVar settings from Section [/Script/UnrealEd.CookerSettings] File [D:/Cours/Projects/aa/BananaTurntable/Saved/Config/Windows/Engine.ini]
[2020.07.24-17.23.06:290][  0]LogConfig: Applying CVar settings from Section [ViewDistanceQuality@3] File [D:/Cours/Projects/aa/BananaTurntable/Saved/Config/Windows/Scalability.ini]
[2020.07.24-17.23.06:290][  0]LogConfig: Setting CVar [[r.SkeletalMeshLODBias:0]]
[2020.07.24-17.23.06:290][  0]LogConfig: Setting CVar [[r.ViewDistanceScale:1.0]]
[2020.07.24-17.23.06:290][  0]LogConfig: Applying CVar settings from Section [AntiAliasingQuality@3] File [D:/Cours/Projects/aa/BananaTurntable/Saved/Config/Windows/Scalability.ini]
[2020.07.24-17.23.06:290][  0]LogConfig: Setting CVar [[r.PostProcessAAQuality:4]]
[2020.07.24-17.23.06:290][  0]LogConfig: Applying CVar settings from Section [ShadowQuality@3] File [D:/Cours/Projects/aa/BananaTurntable/Saved/Config/Windows/Scalability.ini]
[2020.07.24-17.23.06:290][  0]LogConfig: Setting CVar [[r.LightFunctionQuality:1]]
[2020.07.24-17.23.06:290][  0]LogConfig: Setting CVar [[r.ShadowQuality:5]]
[2020.07.24-17.23.06:290][  0]LogConfig: Setting CVar [[r.Shadow.CSM.MaxCascades:10]]
[2020.07.24-17.23.06:290][  0]LogConfig: Setting CVar [[r.Shadow.MaxResolution:2048]]
[2020.07.24-17.23.06:290][  0]LogConfig: Setting CVar [[r.Shadow.MaxCSMResolution:2048]]
[2020.07.24-17.23.06:290][  0]LogConfig: Setting CVar [[r.Shadow.RadiusThreshold:0.01]]
[2020.07.24-17.23.06:290][  0]LogConfig: Setting CVar [[r.Shadow.DistanceScale:1.0]]
[2020.07.24-17.23.06:290][  0]LogConfig: Setting CVar [[r.Shadow.CSM.TransitionScale:1.0]]
[2020.07.24-17.23.06:290][  0]LogConfig: Setting CVar [[r.Shadow.PreShadowResolutionFactor:1.0]]
[2020.07.24-17.23.06:290][  0]LogConfig: Setting CVar [[r.DistanceFieldShadowing:1]]
[2020.07.24-17.23.06:290][  0]LogConfig: Setting CVar [[r.DistanceFieldAO:1]]
[2020.07.24-17.23.06:290][  0]LogConfig: Setting CVar [[r.AOQuality:2]]
[2020.07.24-17.23.06:290][  0]LogConfig: Setting CVar [[r.VolumetricFog:1]]
[2020.07.24-17.23.06:290][  0]LogConfig: Setting CVar [[r.VolumetricFog.GridPixelSize:8]]
[2020.07.24-17.23.06:290][  0]LogConfig: Setting CVar [[r.VolumetricFog.GridSizeZ:128]]
[2020.07.24-17.23.06:290][  0]LogConfig: Setting CVar [[r.VolumetricFog.HistoryMissSupersampleCount:4]]
[2020.07.24-17.23.06:290][  0]LogConfig: Setting CVar [[r.LightMaxDrawDistanceScale:1]]
[2020.07.24-17.23.06:290][  0]LogConfig: Setting CVar [[r.CapsuleShadows:1]]
[2020.07.24-17.23.06:290][  0]LogConfig: Applying CVar settings from Section [PostProcessQuality@3] File [D:/Cours/Projects/aa/BananaTurntable/Saved/Config/Windows/Scalability.ini]
[2020.07.24-17.23.06:291][  0]LogConfig: Setting CVar [[r.MotionBlurQuality:4]]
[2020.07.24-17.23.06:291][  0]LogConfig: Setting CVar [[r.AmbientOcclusionMipLevelFactor:0.4]]
[2020.07.24-17.23.06:291][  0]LogConfig: Setting CVar [[r.AmbientOcclusionMaxQuality:100]]
[2020.07.24-17.23.06:291][  0]LogConfig: Setting CVar [[r.AmbientOcclusionLevels:-1]]
[2020.07.24-17.23.06:291][  0]LogConfig: Setting CVar [[r.AmbientOcclusionRadiusScale:1.0]]
[2020.07.24-17.23.06:291][  0]LogConfig: Setting CVar [[r.DepthOfFieldQuality:2]]
[2020.07.24-17.23.06:291][  0]LogConfig: Setting CVar [[r.RenderTargetPoolMin:400]]
[2020.07.24-17.23.06:291][  0]LogConfig: Setting CVar [[r.LensFlareQuality:2]]
[2020.07.24-17.23.06:291][  0]LogConfig: Setting CVar [[r.SceneColorFringeQuality:1]]
[2020.07.24-17.23.06:291][  0]LogConfig: Setting CVar [[r.EyeAdaptationQuality:2]]
[2020.07.24-17.23.06:291][  0]LogConfig: Setting CVar [[r.BloomQuality:5]]
[2020.07.24-17.23.06:291][  0]LogConfig: Setting CVar [[r.FastBlurThreshold:100]]
[2020.07.24-17.23.06:291][  0]LogConfig: Setting CVar [[r.Upscale.Quality:3]]
[2020.07.24-17.23.06:291][  0]LogConfig: Setting CVar [[r.Tonemapper.GrainQuantization:1]]
[2020.07.24-17.23.06:291][  0]LogConfig: Setting CVar [[r.LightShaftQuality:1]]
[2020.07.24-17.23.06:291][  0]LogConfig: Setting CVar [[r.Filter.SizeScale:1]]
[2020.07.24-17.23.06:291][  0]LogConfig: Setting CVar [[r.Tonemapper.Quality:5]]
[2020.07.24-17.23.06:291][  0]LogConfig: Setting CVar [[r.DOF.Gather.AccumulatorQuality:1        ; higher gathering accumulator quality]]
[2020.07.24-17.23.06:291][  0]LogConfig: Setting CVar [[r.DOF.Gather.PostfilterMethod:1          ; Median3x3 postfilering method]]
[2020.07.24-17.23.06:291][  0]LogConfig: Setting CVar [[r.DOF.Gather.EnableBokehSettings:0       ; no bokeh simulation when gathering]]
[2020.07.24-17.23.06:291][  0]LogConfig: Setting CVar [[r.DOF.Gather.RingCount:4                 ; medium number of samples when gathering]]
[2020.07.24-17.23.06:291][  0]LogConfig: Setting CVar [[r.DOF.Scatter.ForegroundCompositing:1    ; additive foreground scattering]]
[2020.07.24-17.23.06:291][  0]LogConfig: Setting CVar [[r.DOF.Scatter.BackgroundCompositing:2    ; additive background scattering]]
[2020.07.24-17.23.06:291][  0]LogConfig: Setting CVar [[r.DOF.Scatter.EnableBokehSettings:1      ; bokeh simulation when scattering]]
[2020.07.24-17.23.06:291][  0]LogConfig: Setting CVar [[r.DOF.Scatter.MaxSpriteRatio:0.1         ; only a maximum of 10% of scattered bokeh]]
[2020.07.24-17.23.06:291][  0]LogConfig: Setting CVar [[r.DOF.Recombine.Quality:1                ; cheap slight out of focus]]
[2020.07.24-17.23.06:291][  0]LogConfig: Setting CVar [[r.DOF.Recombine.EnableBokehSettings:0    ; no bokeh simulation on slight out of focus]]
[2020.07.24-17.23.06:291][  0]LogConfig: Setting CVar [[r.DOF.TemporalAAQuality:1                ; more stable temporal accumulation]]
[2020.07.24-17.23.06:291][  0]LogConfig: Setting CVar [[r.DOF.Kernel.MaxForegroundRadius:0.025]]
[2020.07.24-17.23.06:291][  0]LogConfig: Setting CVar [[r.DOF.Kernel.MaxBackgroundRadius:0.025]]
[2020.07.24-17.23.06:291][  0]LogConfig: Applying CVar settings from Section [TextureQuality@3] File [D:/Cours/Projects/aa/BananaTurntable/Saved/Config/Windows/Scalability.ini]
[2020.07.24-17.23.06:291][  0]LogConfig: Setting CVar [[r.Streaming.MipBias:0]]
[2020.07.24-17.23.06:291][  0]LogConfig: Setting CVar [[r.Streaming.AmortizeCPUToGPUCopy:0]]
[2020.07.24-17.23.06:291][  0]LogConfig: Setting CVar [[r.Streaming.MaxNumTexturesToStreamPerFrame:0]]
[2020.07.24-17.23.06:291][  0]LogConfig: Setting CVar [[r.Streaming.Boost:1]]
[2020.07.24-17.23.06:292][  0]LogConfig: Setting CVar [[r.MaxAnisotropy:8]]
[2020.07.24-17.23.06:292][  0]LogConfig: Setting CVar [[r.VT.MaxAnisotropy:8]]
[2020.07.24-17.23.06:292][  0]LogConfig: Setting CVar [[r.Streaming.LimitPoolSizeToVRAM:0]]
[2020.07.24-17.23.06:292][  0]LogConfig: Setting CVar [[r.Streaming.PoolSize:1000]]
[2020.07.24-17.23.06:292][  0]LogConfig: Setting CVar [[r.Streaming.MaxEffectiveScreenSize:0]]
[2020.07.24-17.23.06:292][  0]LogConfig: Applying CVar settings from Section [EffectsQuality@3] File [D:/Cours/Projects/aa/BananaTurntable/Saved/Config/Windows/Scalability.ini]
[2020.07.24-17.23.06:292][  0]LogConfig: Setting CVar [[r.TranslucencyLightingVolumeDim:64]]
[2020.07.24-17.23.06:292][  0]LogConfig: Setting CVar [[r.RefractionQuality:2]]
[2020.07.24-17.23.06:292][  0]LogConfig: Setting CVar [[r.SSR.Quality:3]]
[2020.07.24-17.23.06:292][  0]LogConfig: Setting CVar [[r.SSR.HalfResSceneColor:0]]
[2020.07.24-17.23.06:292][  0]LogConfig: Setting CVar [[r.SceneColorFormat:4]]
[2020.07.24-17.23.06:292][  0]LogConfig: Setting CVar [[r.DetailMode:2]]
[2020.07.24-17.23.06:292][  0]LogConfig: Setting CVar [[r.TranslucencyVolumeBlur:1]]
[2020.07.24-17.23.06:292][  0]LogConfig: Setting CVar [[r.MaterialQualityLevel:1 ; High quality]]
[2020.07.24-17.23.06:292][  0]LogConfig: Setting CVar [[r.SSS.Scale:1]]
[2020.07.24-17.23.06:292][  0]LogConfig: Setting CVar [[r.SSS.SampleSet:2]]
[2020.07.24-17.23.06:292][  0]LogConfig: Setting CVar [[r.SSS.Quality:1]]
[2020.07.24-17.23.06:292][  0]LogConfig: Setting CVar [[r.SSS.HalfRes:0]]
[2020.07.24-17.23.06:292][  0]LogConfig: Setting CVar [[r.SSGI.Quality:3]]
[2020.07.24-17.23.06:292][  0]LogConfig: Setting CVar [[r.EmitterSpawnRateScale:1.0]]
[2020.07.24-17.23.06:292][  0]LogConfig: Setting CVar [[r.ParticleLightQuality:2]]
[2020.07.24-17.23.06:292][  0]LogConfig: Setting CVar [[r.SkyAtmosphere.AerialPerspectiveLUT.FastApplyOnOpaque:1 ; Always have FastSkyLUT 1 in this case to avoid wrong sky]]
[2020.07.24-17.23.06:292][  0]LogConfig: Setting CVar [[r.SkyAtmosphere.AerialPerspectiveLUT.SampleCountPerSlice:1]]
[2020.07.24-17.23.06:292][  0]LogConfig: Setting CVar [[r.SkyAtmosphere.AerialPerspectiveLUT.DepthResolution:16.0]]
[2020.07.24-17.23.06:292][  0]LogConfig: Setting CVar [[r.SkyAtmosphere.FastSkyLUT:1]]
[2020.07.24-17.23.06:292][  0]LogConfig: Setting CVar [[r.SkyAtmosphere.FastSkyLUT.SampleCountMin:4.0]]
[2020.07.24-17.23.06:292][  0]LogConfig: Setting CVar [[r.SkyAtmosphere.FastSkyLUT.SampleCountMax:32.0]]
[2020.07.24-17.23.06:292][  0]LogConfig: Setting CVar [[r.SkyAtmosphere.SampleCountMin:4.0]]
[2020.07.24-17.23.06:292][  0]LogConfig: Setting CVar [[r.SkyAtmosphere.SampleCountMax:32.0]]
[2020.07.24-17.23.06:292][  0]LogConfig: Setting CVar [[r.SkyAtmosphere.TransmittanceLUT.UseSmallFormat:0]]
[2020.07.24-17.23.06:292][  0]LogConfig: Setting CVar [[r.SkyAtmosphere.TransmittanceLUT.SampleCount:10.0]]
[2020.07.24-17.23.06:292][  0]LogConfig: Setting CVar [[r.SkyAtmosphere.MultiScatteringLUT.SampleCount:15.0]]
[2020.07.24-17.23.06:292][  0]LogConfig: Applying CVar settings from Section [FoliageQuality@3] File [D:/Cours/Projects/aa/BananaTurntable/Saved/Config/Windows/Scalability.ini]
[2020.07.24-17.23.06:292][  0]LogConfig: Setting CVar [[foliage.DensityScale:1.0]]
[2020.07.24-17.23.06:292][  0]LogConfig: Setting CVar [[grass.DensityScale:1.0]]
[2020.07.24-17.23.06:292][  0]LogConfig: Applying CVar settings from Section [ShadingQuality@3] File [D:/Cours/Projects/aa/BananaTurntable/Saved/Config/Windows/Scalability.ini]
[2020.07.24-17.23.06:292][  0]LogConfig: Setting CVar [[r.HairStrands.SkyLighting.SampleCount:16]]
[2020.07.24-17.23.06:292][  0]LogConfig: Setting CVar [[r.HairStrands.SkyLighting.JitterIntegration:0]]
[2020.07.24-17.23.06:292][  0]LogConfig: Setting CVar [[r.HairStrands.SkyAO.SampleCount:16]]
[2020.07.24-17.23.06:292][  0]LogConfig: Setting CVar [[r.HairStrands.DeepShadow.SuperSampling:0]]
[2020.07.24-17.23.06:292][  0]LogConfig: Setting CVar [[r.HairStrands.VisibilityPPLL:0]]
[2020.07.24-17.23.06:292][  0]LogConfig: Setting CVar [[r.HairStrands.RasterizationScale:0.5]]
[2020.07.24-17.23.06:292][  0]LogConfig: Setting CVar [[r.HairStrands.VelocityRasterizationScale:1]]
[2020.07.24-17.23.06:292][  0]LogInit: Selected Device Profile: [Windows]
[2020.07.24-17.23.06:292][  0]LogInit: Applying CVar settings loaded from the selected device profile: [Windows]
[2020.07.24-17.23.06:293][  0]LogHAL: Display: Platform has ~ 24 GB [25639698432 / 34359738368 / 24], which maps to Larger [LargestMinGB=32, LargerMinGB=12, DefaultMinGB=8, SmallerMinGB=6, SmallestMinGB=0)
[2020.07.24-17.23.06:293][  0]LogInit: Going up to parent DeviceProfile []
[2020.07.24-17.23.06:293][  0]LogConfig: Applying CVar settings from Section [ViewDistanceQuality@3] File [D:/Cours/Projects/aa/BananaTurntable/Saved/Config/Windows/Scalability.ini]
[2020.07.24-17.23.06:293][  0]LogConfig: Setting CVar [[r.SkeletalMeshLODBias:0]]
[2020.07.24-17.23.06:293][  0]LogConfig: Setting CVar [[r.ViewDistanceScale:1.0]]
[2020.07.24-17.23.06:293][  0]LogConfig: Applying CVar settings from Section [AntiAliasingQuality@3] File [D:/Cours/Projects/aa/BananaTurntable/Saved/Config/Windows/Scalability.ini]
[2020.07.24-17.23.06:293][  0]LogConfig: Setting CVar [[r.PostProcessAAQuality:4]]
[2020.07.24-17.23.06:293][  0]LogConfig: Applying CVar settings from Section [ShadowQuality@3] File [D:/Cours/Projects/aa/BananaTurntable/Saved/Config/Windows/Scalability.ini]
[2020.07.24-17.23.06:293][  0]LogConfig: Setting CVar [[r.LightFunctionQuality:1]]
[2020.07.24-17.23.06:293][  0]LogConfig: Setting CVar [[r.ShadowQuality:5]]
[2020.07.24-17.23.06:293][  0]LogConfig: Setting CVar [[r.Shadow.CSM.MaxCascades:10]]
[2020.07.24-17.23.06:293][  0]LogConfig: Setting CVar [[r.Shadow.MaxResolution:2048]]
[2020.07.24-17.23.06:293][  0]LogConfig: Setting CVar [[r.Shadow.MaxCSMResolution:2048]]
[2020.07.24-17.23.06:293][  0]LogConfig: Setting CVar [[r.Shadow.RadiusThreshold:0.01]]
[2020.07.24-17.23.06:293][  0]LogConfig: Setting CVar [[r.Shadow.DistanceScale:1.0]]
[2020.07.24-17.23.06:293][  0]LogConfig: Setting CVar [[r.Shadow.CSM.TransitionScale:1.0]]
[2020.07.24-17.23.06:293][  0]LogConfig: Setting CVar [[r.Shadow.PreShadowResolutionFactor:1.0]]
[2020.07.24-17.23.06:293][  0]LogConfig: Setting CVar [[r.DistanceFieldShadowing:1]]
[2020.07.24-17.23.06:293][  0]LogConfig: Setting CVar [[r.DistanceFieldAO:1]]
[2020.07.24-17.23.06:293][  0]LogConfig: Setting CVar [[r.AOQuality:2]]
[2020.07.24-17.23.06:293][  0]LogConfig: Setting CVar [[r.VolumetricFog:1]]
[2020.07.24-17.23.06:293][  0]LogConfig: Setting CVar [[r.VolumetricFog.GridPixelSize:8]]
[2020.07.24-17.23.06:293][  0]LogConfig: Setting CVar [[r.VolumetricFog.GridSizeZ:128]]
[2020.07.24-17.23.06:293][  0]LogConfig: Setting CVar [[r.VolumetricFog.HistoryMissSupersampleCount:4]]
[2020.07.24-17.23.06:293][  0]LogConfig: Setting CVar [[r.LightMaxDrawDistanceScale:1]]
[2020.07.24-17.23.06:293][  0]LogConfig: Setting CVar [[r.CapsuleShadows:1]]
[2020.07.24-17.23.06:293][  0]LogConfig: Applying CVar settings from Section [PostProcessQuality@3] File [D:/Cours/Projects/aa/BananaTurntable/Saved/Config/Windows/Scalability.ini]
[2020.07.24-17.23.06:293][  0]LogConfig: Setting CVar [[r.MotionBlurQuality:4]]
[2020.07.24-17.23.06:293][  0]LogConfig: Setting CVar [[r.AmbientOcclusionMipLevelFactor:0.4]]
[2020.07.24-17.23.06:293][  0]LogConfig: Setting CVar [[r.AmbientOcclusionMaxQuality:100]]
[2020.07.24-17.23.06:293][  0]LogConfig: Setting CVar [[r.AmbientOcclusionLevels:-1]]
[2020.07.24-17.23.06:293][  0]LogConfig: Setting CVar [[r.AmbientOcclusionRadiusScale:1.0]]
[2020.07.24-17.23.06:293][  0]LogConfig: Setting CVar [[r.DepthOfFieldQuality:2]]
[2020.07.24-17.23.06:293][  0]LogConfig: Setting CVar [[r.RenderTargetPoolMin:400]]
[2020.07.24-17.23.06:293][  0]LogConfig: Setting CVar [[r.LensFlareQuality:2]]
[2020.07.24-17.23.06:293][  0]LogConfig: Setting CVar [[r.SceneColorFringeQuality:1]]
[2020.07.24-17.23.06:293][  0]LogConfig: Setting CVar [[r.EyeAdaptationQuality:2]]
[2020.07.24-17.23.06:293][  0]LogConfig: Setting CVar [[r.BloomQuality:5]]
[2020.07.24-17.23.06:293][  0]LogConfig: Setting CVar [[r.FastBlurThreshold:100]]
[2020.07.24-17.23.06:293][  0]LogConfig: Setting CVar [[r.Upscale.Quality:3]]
[2020.07.24-17.23.06:293][  0]LogConfig: Setting CVar [[r.Tonemapper.GrainQuantization:1]]
[2020.07.24-17.23.06:293][  0]LogConfig: Setting CVar [[r.LightShaftQuality:1]]
[2020.07.24-17.23.06:293][  0]LogConfig: Setting CVar [[r.Filter.SizeScale:1]]
[2020.07.24-17.23.06:293][  0]LogConfig: Setting CVar [[r.Tonemapper.Quality:5]]
[2020.07.24-17.23.06:293][  0]LogConfig: Setting CVar [[r.DOF.Gather.AccumulatorQuality:1        ; higher gathering accumulator quality]]
[2020.07.24-17.23.06:293][  0]LogConfig: Setting CVar [[r.DOF.Gather.PostfilterMethod:1          ; Median3x3 postfilering method]]
[2020.07.24-17.23.06:293][  0]LogConfig: Setting CVar [[r.DOF.Gather.EnableBokehSettings:0       ; no bokeh simulation when gathering]]
[2020.07.24-17.23.06:293][  0]LogConfig: Setting CVar [[r.DOF.Gather.RingCount:4                 ; medium number of samples when gathering]]
[2020.07.24-17.23.06:293][  0]LogConfig: Setting CVar [[r.DOF.Scatter.ForegroundCompositing:1    ; additive foreground scattering]]
[2020.07.24-17.23.06:293][  0]LogConfig: Setting CVar [[r.DOF.Scatter.BackgroundCompositing:2    ; additive background scattering]]
[2020.07.24-17.23.06:293][  0]LogConfig: Setting CVar [[r.DOF.Scatter.EnableBokehSettings:1      ; bokeh simulation when scattering]]
[2020.07.24-17.23.06:293][  0]LogConfig: Setting CVar [[r.DOF.Scatter.MaxSpriteRatio:0.1         ; only a maximum of 10% of scattered bokeh]]
[2020.07.24-17.23.06:293][  0]LogConfig: Setting CVar [[r.DOF.Recombine.Quality:1                ; cheap slight out of focus]]
[2020.07.24-17.23.06:293][  0]LogConfig: Setting CVar [[r.DOF.Recombine.EnableBokehSettings:0    ; no bokeh simulation on slight out of focus]]
[2020.07.24-17.23.06:293][  0]LogConfig: Setting CVar [[r.DOF.TemporalAAQuality:1                ; more stable temporal accumulation]]
[2020.07.24-17.23.06:293][  0]LogConfig: Setting CVar [[r.DOF.Kernel.MaxForegroundRadius:0.025]]
[2020.07.24-17.23.06:293][  0]LogConfig: Setting CVar [[r.DOF.Kernel.MaxBackgroundRadius:0.025]]
[2020.07.24-17.23.06:293][  0]LogConfig: Applying CVar settings from Section [TextureQuality@3] File [D:/Cours/Projects/aa/BananaTurntable/Saved/Config/Windows/Scalability.ini]
[2020.07.24-17.23.06:293][  0]LogConfig: Setting CVar [[r.Streaming.MipBias:0]]
[2020.07.24-17.23.06:293][  0]LogConfig: Setting CVar [[r.Streaming.AmortizeCPUToGPUCopy:0]]
[2020.07.24-17.23.06:293][  0]LogConfig: Setting CVar [[r.Streaming.MaxNumTexturesToStreamPerFrame:0]]
[2020.07.24-17.23.06:293][  0]LogConfig: Setting CVar [[r.Streaming.Boost:1]]
[2020.07.24-17.23.06:293][  0]LogConfig: Setting CVar [[r.MaxAnisotropy:8]]
[2020.07.24-17.23.06:293][  0]LogConfig: Setting CVar [[r.VT.MaxAnisotropy:8]]
[2020.07.24-17.23.06:293][  0]LogConfig: Setting CVar [[r.Streaming.LimitPoolSizeToVRAM:0]]
[2020.07.24-17.23.06:294][  0]LogConfig: Setting CVar [[r.Streaming.PoolSize:1000]]
[2020.07.24-17.23.06:294][  0]LogConfig: Setting CVar [[r.Streaming.MaxEffectiveScreenSize:0]]
[2020.07.24-17.23.06:294][  0]LogConfig: Applying CVar settings from Section [EffectsQuality@3] File [D:/Cours/Projects/aa/BananaTurntable/Saved/Config/Windows/Scalability.ini]
[2020.07.24-17.23.06:294][  0]LogConfig: Setting CVar [[r.TranslucencyLightingVolumeDim:64]]
[2020.07.24-17.23.06:294][  0]LogConfig: Setting CVar [[r.RefractionQuality:2]]
[2020.07.24-17.23.06:294][  0]LogConfig: Setting CVar [[r.SSR.Quality:3]]
[2020.07.24-17.23.06:294][  0]LogConfig: Setting CVar [[r.SSR.HalfResSceneColor:0]]
[2020.07.24-17.23.06:294][  0]LogConfig: Setting CVar [[r.SceneColorFormat:4]]
[2020.07.24-17.23.06:294][  0]LogConfig: Setting CVar [[r.DetailMode:2]]
[2020.07.24-17.23.06:294][  0]LogConfig: Setting CVar [[r.TranslucencyVolumeBlur:1]]
[2020.07.24-17.23.06:294][  0]LogConfig: Setting CVar [[r.MaterialQualityLevel:1 ; High quality]]
[2020.07.24-17.23.06:294][  0]LogConfig: Setting CVar [[r.SSS.Scale:1]]
[2020.07.24-17.23.06:294][  0]LogConfig: Setting CVar [[r.SSS.SampleSet:2]]
[2020.07.24-17.23.06:294][  0]LogConfig: Setting CVar [[r.SSS.Quality:1]]
[2020.07.24-17.23.06:294][  0]LogConfig: Setting CVar [[r.SSS.HalfRes:0]]
[2020.07.24-17.23.06:294][  0]LogConfig: Setting CVar [[r.SSGI.Quality:3]]
[2020.07.24-17.23.06:294][  0]LogConfig: Setting CVar [[r.EmitterSpawnRateScale:1.0]]
[2020.07.24-17.23.06:294][  0]LogConfig: Setting CVar [[r.ParticleLightQuality:2]]
[2020.07.24-17.23.06:294][  0]LogConfig: Setting CVar [[r.SkyAtmosphere.AerialPerspectiveLUT.FastApplyOnOpaque:1 ; Always have FastSkyLUT 1 in this case to avoid wrong sky]]
[2020.07.24-17.23.06:294][  0]LogConfig: Setting CVar [[r.SkyAtmosphere.AerialPerspectiveLUT.SampleCountPerSlice:1]]
[2020.07.24-17.23.06:294][  0]LogConfig: Setting CVar [[r.SkyAtmosphere.AerialPerspectiveLUT.DepthResolution:16.0]]
[2020.07.24-17.23.06:294][  0]LogConfig: Setting CVar [[r.SkyAtmosphere.FastSkyLUT:1]]
[2020.07.24-17.23.06:294][  0]LogConfig: Setting CVar [[r.SkyAtmosphere.FastSkyLUT.SampleCountMin:4.0]]
[2020.07.24-17.23.06:294][  0]LogConfig: Setting CVar [[r.SkyAtmosphere.FastSkyLUT.SampleCountMax:32.0]]
[2020.07.24-17.23.06:294][  0]LogConfig: Setting CVar [[r.SkyAtmosphere.SampleCountMin:4.0]]
[2020.07.24-17.23.06:294][  0]LogConfig: Setting CVar [[r.SkyAtmosphere.SampleCountMax:32.0]]
[2020.07.24-17.23.06:294][  0]LogConfig: Setting CVar [[r.SkyAtmosphere.TransmittanceLUT.UseSmallFormat:0]]
[2020.07.24-17.23.06:294][  0]LogConfig: Setting CVar [[r.SkyAtmosphere.TransmittanceLUT.SampleCount:10.0]]
[2020.07.24-17.23.06:294][  0]LogConfig: Setting CVar [[r.SkyAtmosphere.MultiScatteringLUT.SampleCount:15.0]]
[2020.07.24-17.23.06:294][  0]LogConfig: Applying CVar settings from Section [FoliageQuality@3] File [D:/Cours/Projects/aa/BananaTurntable/Saved/Config/Windows/Scalability.ini]
[2020.07.24-17.23.06:294][  0]LogConfig: Setting CVar [[foliage.DensityScale:1.0]]
[2020.07.24-17.23.06:294][  0]LogConfig: Setting CVar [[grass.DensityScale:1.0]]
[2020.07.24-17.23.06:294][  0]LogConfig: Applying CVar settings from Section [ShadingQuality@3] File [D:/Cours/Projects/aa/BananaTurntable/Saved/Config/Windows/Scalability.ini]
[2020.07.24-17.23.06:294][  0]LogConfig: Setting CVar [[r.HairStrands.SkyLighting.SampleCount:16]]
[2020.07.24-17.23.06:294][  0]LogConfig: Setting CVar [[r.HairStrands.SkyLighting.JitterIntegration:0]]
[2020.07.24-17.23.06:294][  0]LogConfig: Setting CVar [[r.HairStrands.SkyAO.SampleCount:16]]
[2020.07.24-17.23.06:294][  0]LogConfig: Setting CVar [[r.HairStrands.DeepShadow.SuperSampling:0]]
[2020.07.24-17.23.06:294][  0]LogConfig: Setting CVar [[r.HairStrands.VisibilityPPLL:0]]
[2020.07.24-17.23.06:294][  0]LogConfig: Setting CVar [[r.HairStrands.RasterizationScale:0.5]]
[2020.07.24-17.23.06:294][  0]LogConfig: Setting CVar [[r.HairStrands.VelocityRasterizationScale:1]]
[2020.07.24-17.23.06:294][  0]LogConfig: Applying CVar settings from Section [Startup] File [../../../Engine/Config/ConsoleVariables.ini]
[2020.07.24-17.23.06:294][  0]LogConfig: Setting CVar [[net.UseAdaptiveNetUpdateFrequency:0]]
[2020.07.24-17.23.06:294][  0]LogConfig: Setting CVar [[p.chaos.AllowCreatePhysxBodies:1]]
[2020.07.24-17.23.06:294][  0]LogConfig: Setting CVar [[fx.SkipVectorVMBackendOptimizations:1]]
[2020.07.24-17.23.06:294][  0]LogConfig: Applying CVar settings from Section [ConsoleVariables] File [D:/Cours/Projects/aa/BananaTurntable/Saved/Config/Windows/Engine.ini]
[2020.07.24-17.23.06:294][  0]LogInit: Computer: DESKTOP-4T9KD0J
[2020.07.24-17.23.06:294][  0]LogInit: User: Cypher
[2020.07.24-17.23.06:294][  0]LogInit: CPU Page size=4096, Cores=4
[2020.07.24-17.23.06:294][  0]LogInit: High frequency timer resolution =10.000000 MHz
[2020.07.24-17.23.06:295][  0]LogMemory: Memory total: Physical=23.9GB (24GB approx)
[2020.07.24-17.23.06:295][  0]LogMemory: Platform Memory Stats for Windows
[2020.07.24-17.23.06:295][  0]LogMemory: Process Physical Memory: 118.29 MB used, 118.29 MB peak
[2020.07.24-17.23.06:295][  0]LogMemory: Process Virtual Memory: 100.55 MB used, 100.55 MB peak
[2020.07.24-17.23.06:295][  0]LogMemory: Physical Memory: 7294.44 MB used,  17157.48 MB free, 24451.92 MB total
[2020.07.24-17.23.06:295][  0]LogMemory: Virtual Memory: 5188.03 MB used,  134212536.00 MB free, 134217728.00 MB total
[2020.07.24-17.23.06:300][  0]LogWindows: WindowsPlatformFeatures enabled
[2020.07.24-17.23.06:338][  0]LogInit: Physics initialised using underlying interface: PhysX
[2020.07.24-17.23.06:339][  0]LogInit: Using OS detected language (fr-FR).
[2020.07.24-17.23.06:339][  0]LogInit: Using OS detected locale (fr-FR).
[2020.07.24-17.23.06:341][  0]LogTextLocalizationManager: No specific localization for 'fr-FR' exists, so the 'fr' localization will be used.
[2020.07.24-17.23.06:342][  0]LogTextLocalizationResource: LocRes '../../../Engine/Content/Localization/Editor/fr/Editor.locres' could not be opened for reading!
[2020.07.24-17.23.06:342][  0]LogTextLocalizationResource: LocRes '../../../Engine/Content/Localization/EditorTutorials/fr/EditorTutorials.locres' could not be opened for reading!
[2020.07.24-17.23.06:342][  0]LogTextLocalizationResource: LocRes '../../../Engine/Content/Localization/Keywords/fr/Keywords.locres' could not be opened for reading!
[2020.07.24-17.23.06:342][  0]LogTextLocalizationResource: LocRes '../../../Engine/Content/Localization/Category/fr/Category.locres' could not be opened for reading!
[2020.07.24-17.23.06:342][  0]LogTextLocalizationResource: LocRes '../../../Engine/Content/Localization/ToolTips/fr/ToolTips.locres' could not be opened for reading!
[2020.07.24-17.23.06:342][  0]LogTextLocalizationResource: LocRes '../../../Engine/Content/Localization/PropertyNames/fr/PropertyNames.locres' could not be opened for reading!
[2020.07.24-17.23.06:342][  0]LogTextLocalizationResource: LocRes '../../../Engine/Content/Localization/Engine/fr/Engine.locres' could not be opened for reading!
[2020.07.24-17.23.06:343][  0]LogInit: Setting process to per monitor DPI aware
[2020.07.24-17.23.06:371][  0]LogSlate: New Slate User Created.  User Index 0, Is Virtual User: 0
[2020.07.24-17.23.06:372][  0]LogSlate: Slate User Registered.  User Index 0, Is Virtual User: 0
[2020.07.24-17.23.06:679][  0]LogHMD: Failed to initialize OpenVR with code 101
[2020.07.24-17.23.06:679][  0]LogD3D11RHI: D3D11 min allowed feature level: 11_0
[2020.07.24-17.23.06:679][  0]LogD3D11RHI: D3D11 max allowed feature level: 11_0
[2020.07.24-17.23.06:679][  0]LogD3D11RHI: D3D11 adapters:
[2020.07.24-17.23.06:764][  0]LogD3D11RHI:    0. 'NVIDIA GeForce GTX 970' (Feature Level 11_0)
[2020.07.24-17.23.06:764][  0]LogD3D11RHI:       4043/0/12225 MB DedicatedVideo/DedicatedSystem/SharedSystem, Outputs:1, VendorId:0x10de
[2020.07.24-17.23.06:770][  0]LogD3D11RHI:    1. 'Intel(R) HD Graphics 4600' (Feature Level 11_0)
[2020.07.24-17.23.06:770][  0]LogD3D11RHI:       112/0/2048 MB DedicatedVideo/DedicatedSystem/SharedSystem, Outputs:0, VendorId:0x8086
[2020.07.24-17.23.06:773][  0]LogD3D11RHI:    2. 'Microsoft Basic Render Driver' (Feature Level 11_0)
[2020.07.24-17.23.06:773][  0]LogD3D11RHI:       0/0/12225 MB DedicatedVideo/DedicatedSystem/SharedSystem, Outputs:0, VendorId:0x1414
[2020.07.24-17.23.06:773][  0]LogD3D11RHI: Chosen D3D11 Adapter: 0
[2020.07.24-17.23.06:782][  0]LogD3D11RHI: Creating new Direct3DDevice
[2020.07.24-17.23.06:782][  0]LogD3D11RHI:     GPU DeviceId: 0x13c2 (for the marketing name, search the web for "GPU Device Id")
[2020.07.24-17.23.06:782][  0]LogWindows: EnumDisplayDevices:
[2020.07.24-17.23.06:782][  0]LogWindows:    0. 'NVIDIA GeForce GTX 970' (P:1 D:1)
[2020.07.24-17.23.06:782][  0]LogWindows:    1. 'NVIDIA GeForce GTX 970' (P:0 D:0)
[2020.07.24-17.23.06:783][  0]LogWindows:    2. 'NVIDIA GeForce GTX 970' (P:0 D:0)
[2020.07.24-17.23.06:783][  0]LogWindows:    3. 'NVIDIA GeForce GTX 970' (P:0 D:0)
[2020.07.24-17.23.06:783][  0]LogWindows:    4. 'Intel(R) HD Graphics 4600' (P:0 D:0)
[2020.07.24-17.23.06:784][  0]LogWindows:    5. 'Intel(R) HD Graphics 4600' (P:0 D:0)
[2020.07.24-17.23.06:785][  0]LogWindows:    6. 'Intel(R) HD Graphics 4600' (P:0 D:0)
[2020.07.24-17.23.06:785][  0]LogWindows: DebugString: PrimaryIsNotTheChoosenAdapter PrimaryIsNotTheChoosenAdapter PrimaryIsNotTheChoosenAdapter FoundDriverCount:4 
[2020.07.24-17.23.06:785][  0]LogD3D11RHI:     Adapter Name: NVIDIA GeForce GTX 970
[2020.07.24-17.23.06:785][  0]LogD3D11RHI:   Driver Version: 442.74 (internal:26.21.14.4274, unified:442.74)
[2020.07.24-17.23.06:785][  0]LogD3D11RHI:      Driver Date: 3-13-2020
[2020.07.24-17.23.06:785][  0]LogRHI: Texture pool is 2830 MB (70% of 4043 MB)
[2020.07.24-17.23.06:845][  0]LogD3D11RHI: RHI has support for 64 bit atomics
[2020.07.24-17.23.06:846][  0]LogD3D11RHI: [Aftermath] Enabled and primed
[2020.07.24-17.23.06:846][  0]LogD3D11RHI: Async texture creation enabled
[2020.07.24-17.23.06:846][  0]LogD3D11RHI: Array index from any shader is supported
[2020.07.24-17.23.06:869][  0]LogD3D11RHI: GPU Timing Frequency: 1000.000000 (Debug: 2 1)
[2020.07.24-17.23.07:261][  0]LogTargetPlatformManager: Display: Loaded TargetPlatform 'AllDesktop'
[2020.07.24-17.23.07:282][  0]LogTargetPlatformManager: Display: Loaded TargetPlatform 'Android'
[2020.07.24-17.23.07:282][  0]LogTargetPlatformManager: Display: Loaded TargetPlatform 'Android_ASTC'
[2020.07.24-17.23.07:282][  0]LogTargetPlatformManager: Display: Loaded TargetPlatform 'Android_DXT'
[2020.07.24-17.23.07:282][  0]LogTargetPlatformManager: Display: Loaded TargetPlatform 'Android_ETC2'
[2020.07.24-17.23.07:282][  0]LogTargetPlatformManager: Display: Loaded TargetPlatform 'AndroidClient'
[2020.07.24-17.23.07:282][  0]LogTargetPlatformManager: Display: Loaded TargetPlatform 'Android_ASTCClient'
[2020.07.24-17.23.07:282][  0]LogTargetPlatformManager: Display: Loaded TargetPlatform 'Android_DXTClient'
[2020.07.24-17.23.07:282][  0]LogTargetPlatformManager: Display: Loaded TargetPlatform 'Android_ETC2Client'
[2020.07.24-17.23.07:282][  0]LogTargetPlatformManager: Display: Loaded TargetPlatform 'Android_Multi'
[2020.07.24-17.23.07:282][  0]LogTargetPlatformManager: Display: Loaded TargetPlatform 'Android_MultiClient'
[2020.07.24-17.23.07:310][  0]LogTargetPlatformManager: Display: Loaded TargetPlatform 'IOSClient'
[2020.07.24-17.23.07:310][  0]LogTargetPlatformManager: Display: Loaded TargetPlatform 'IOS'
[2020.07.24-17.23.07:320][  0]LogTargetPlatformManager: Display: Loaded TargetPlatform 'Linux'
[2020.07.24-17.23.07:330][  0]LogTargetPlatformManager: Display: Loaded TargetPlatform 'LinuxNoEditor'
[2020.07.24-17.23.07:340][  0]LogTargetPlatformManager: Display: Loaded TargetPlatform 'LinuxClient'
[2020.07.24-17.23.07:350][  0]LogTargetPlatformManager: Display: Loaded TargetPlatform 'LinuxServer'
[2020.07.24-17.23.07:360][  0]LogTargetPlatformManager: Display: Loaded TargetPlatform 'LinuxAArch64NoEditor'
[2020.07.24-17.23.07:370][  0]LogTargetPlatformManager: Display: Loaded TargetPlatform 'LinuxAArch64Client'
[2020.07.24-17.23.07:380][  0]LogTargetPlatformManager: Display: Loaded TargetPlatform 'LinuxAArch64Server'
[2020.07.24-17.23.07:413][  0]LogTargetPlatformManager: Display: Loaded TargetPlatform 'Lumin'
[2020.07.24-17.23.07:413][  0]LogTargetPlatformManager: Display: Loaded TargetPlatform 'LuminClient'
[2020.07.24-17.23.07:429][  0]LogTargetPlatformManager: Display: Loaded TargetPlatform 'TVOSClient'
[2020.07.24-17.23.07:429][  0]LogTargetPlatformManager: Display: Loaded TargetPlatform 'TVOS'
[2020.07.24-17.23.07:439][  0]LogTargetPlatformManager: Display: Loaded TargetPlatform 'WindowsNoEditor'
[2020.07.24-17.23.07:450][  0]LogTargetPlatformManager: Display: Loaded TargetPlatform 'Windows'
[2020.07.24-17.23.07:461][  0]LogTargetPlatformManager: Display: Loaded TargetPlatform 'WindowsClient'
[2020.07.24-17.23.07:470][  0]LogTargetPlatformManager: Display: Loaded TargetPlatform 'WindowsServer'
[2020.07.24-17.23.07:470][  0]LogTargetPlatformManager: Display: Building Assets For Windows
[2020.07.24-17.23.07:480][  0]LogAudioDebug: Display: Lib vorbis DLL was dynamically loaded.
[2020.07.24-17.23.07:549][  0]LogShaderCompilers: Guid format shader working directory is -2 characters bigger than the processId version (../../../../../Cours/Projects/aa/BananaTurntable/Intermediate/Shaders/WorkingDirectory/16772/).
[2020.07.24-17.23.07:549][  0]LogShaderCompilers: Cleaned the shader compiler working directory 'C:/Users/Cypher/AppData/Local/Temp/UnrealShaderWorkingDir/A3A8E8B244B062D58986F99F1F985AC8/'.
[2020.07.24-17.23.07:550][  0]LogXGEController: Cannot use XGE Controller as Incredibuild is not installed on this machine.
[2020.07.24-17.23.07:550][  0]LogShaderCompilers: Cannot use XGE Shader Compiler as Incredibuild is not installed on this machine.
[2020.07.24-17.23.07:550][  0]LogShaderCompilers: Display: Using Local Shader Compiler.
[2020.07.24-17.23.08:469][  0]LogDerivedDataCache: Display: Max Cache Size: 512 MB
[2020.07.24-17.23.08:533][  0]LogDerivedDataCache: Loaded boot cache 0.06s 79MB C:/Users/Cypher/AppData/Local/UnrealEngine/4.25/DerivedDataCache/Boot.ddc.
[2020.07.24-17.23.08:533][  0]LogDerivedDataCache: Display: Loaded Boot cache: C:/Users/Cypher/AppData/Local/UnrealEngine/4.25/DerivedDataCache/Boot.ddc
[2020.07.24-17.23.08:533][  0]LogDerivedDataCache: FDerivedDataBackendGraph:  Pak pak cache file ../../../../../Cours/Projects/aa/BananaTurntable/DerivedDataCache/DDC.ddp not found, will not use a pak cache.
[2020.07.24-17.23.08:533][  0]LogDerivedDataCache: Unable to find inner node Pak for hierarchical cache Hierarchy.
[2020.07.24-17.23.08:533][  0]LogDerivedDataCache: FDerivedDataBackendGraph:  CompressedPak pak cache file ../../../../../Cours/Projects/aa/BananaTurntable/DerivedDataCache/Compressed.ddp not found, will not use a pak cache.
[2020.07.24-17.23.08:533][  0]LogDerivedDataCache: Unable to find inner node CompressedPak for hierarchical cache Hierarchy.
[2020.07.24-17.23.08:544][  0]LogDerivedDataCache: Display: Pak cache opened for reading ../../../Engine/DerivedDataCache/Compressed.ddp.
[2020.07.24-17.23.08:544][  0]LogDerivedDataCache: FDerivedDataBackendGraph:  EnterprisePak pak cache file ../../../Enterprise/DerivedDataCache/Compressed.ddp not found, will not use a pak cache.
[2020.07.24-17.23.08:544][  0]LogDerivedDataCache: Unable to find inner node EnterprisePak for hierarchical cache Hierarchy.
[2020.07.24-17.23.08:545][  0]LogDerivedDataCache: Using Local data cache path C:/Users/Cypher/AppData/Local/UnrealEngine/Common/DerivedDataCache: Writable
[2020.07.24-17.23.08:545][  0]LogDerivedDataCache: Shared data cache path not found in *engine.ini, will not use an Shared cache.
[2020.07.24-17.23.08:545][  0]LogDerivedDataCache: Unable to find inner node Shared for hierarchical cache Hierarchy.
[2020.07.24-17.23.08:598][  0]LogSlate: Using FreeType 2.10.0
[2020.07.24-17.23.08:598][  0]LogSlate: SlateFontServices - WITH_FREETYPE: 1, WITH_HARFBUZZ: 1
[2020.07.24-17.23.08:631][  0]LogAssetRegistry: FAssetRegistry took 0.0024 seconds to start up
[2020.07.24-17.23.08:920][  0]LogInit: Selected Device Profile: [Windows]
[2020.07.24-17.23.09:065][  0]LogMeshReduction: Using QuadricMeshReduction for automatic static mesh reduction
[2020.07.24-17.23.09:065][  0]LogMeshReduction: Using SimplygonMeshReduction for automatic skeletal mesh reduction
[2020.07.24-17.23.09:065][  0]LogMeshReduction: Using ProxyLODMeshReduction for automatic mesh merging
[2020.07.24-17.23.09:065][  0]LogMeshReduction: No distributed automatic mesh merging module available
[2020.07.24-17.23.09:065][  0]LogMeshMerging: No distributed automatic mesh merging module available
[2020.07.24-17.23.09:083][  0]LogNetVersion: BananaTurntable 1.0.0, NetCL: 13144385, EngineNetVer: 14, GameNetVer: 0 (Checksum: 1388556546)
[2020.07.24-17.23.09:616][  0]LogAISub: UAISubsystem::UAISubsystem AISubsystem (000001E5EFA418C0), frame # 0
[2020.07.24-17.23.09:616][  0]LogAISub: UAISubsystem::UAISubsystem AIPerceptionSystem (000001E5EF97F740), frame # 0
[2020.07.24-17.23.09:618][  0]LogAISub: UAISubsystem::UAISubsystem EnvQueryManager (000001E5EF9F8A00), frame # 0
[2020.07.24-17.23.09:665][  0]LogPackageLocalizationCache: Processed 19 localized package path(s) for 1 prioritized culture(s) in 0.040230 seconds
[2020.07.24-17.23.09:672][  0]LogUObjectArray: 15917 objects as part of root set at end of initial load.
[2020.07.24-17.23.09:672][  0]LogUObjectAllocator: 3965568 out of 0 bytes used by permanent object pool.
[2020.07.24-17.23.09:672][  0]LogUObjectArray: CloseDisregardForGC: 0/0 objects in disregard for GC pool
[2020.07.24-17.23.10:113][  0]LogTcpMessaging: Initializing TcpMessaging bridge
[2020.07.24-17.23.10:146][  0]LogUdpMessaging: Initializing bridge on interface 0.0.0.0:0 to multicast group 230.0.0.1:6666.
[2020.07.24-17.23.10:250][  0]SourceControl: Source control is disabled
[2020.07.24-17.23.10:250][  0]SourceControl: Source control is disabled
[2020.07.24-17.23.10:254][  0]SourceControl: Source control is disabled
[2020.07.24-17.23.10:257][  0]SourceControl: Source control is disabled
[2020.07.24-17.23.10:266][  0]SourceControl: Source control is disabled
[2020.07.24-17.23.10:555][  0]LogAndroidPermission: UAndroidPermissionCallbackProxy::GetInstance
[2020.07.24-17.23.10:584][  0]LogAudioCaptureCore: Display: No Audio Capture implementations found. Audio input will be silent.
[2020.07.24-17.23.10:584][  0]LogAudioCaptureCore: Display: No Audio Capture implementations found. Audio input will be silent.
[2020.07.24-17.23.10:645][  0]LogOcInput: OculusInput pre-init called
[2020.07.24-17.23.11:041][  0]LogEngine: Initializing Engine...
[2020.07.24-17.23.11:043][  0]LogHMD: Failed to initialize OpenVR with code 101
[2020.07.24-17.23.11:043][  0]LogMagicLeap: Warning: VR disabled because ZI is not enabled.  To enable, in the editor, Edit -> Project Settings -> Plugins -> Magic Leap Plugin -> Enable Zero Iteration
[2020.07.24-17.23.11:045][  0]LogStats: UGameplayTagsManager::InitializeManager -  0.001 s
[2020.07.24-17.23.11:195][  0]LogInit: Initializing FReadOnlyCVARCache
[2020.07.24-17.23.11:206][  0]LogAIModule: Creating AISystem for world Untitled
[2020.07.24-17.23.11:206][  0]LogAISub: UAISubsystem::UAISubsystem EnvQueryManager (000001E5F8919600), frame # 0
[2020.07.24-17.23.11:206][  0]LogAISub: UAISubsystem::UAISubsystem AIPerceptionSystem (000001E5F8935A80), frame # 0
[2020.07.24-17.23.11:224][  0]LogAudioMixer: Display: Audio Mixer Platform Settings:
[2020.07.24-17.23.11:224][  0]LogAudioMixer: Display: 	Sample Rate:						  48000
[2020.07.24-17.23.11:224][  0]LogAudioMixer: Display: 	Callback Buffer Frame Size Requested: 1024
[2020.07.24-17.23.11:224][  0]LogAudioMixer: Display: 	Callback Buffer Frame Size To Use:	  1024
[2020.07.24-17.23.11:224][  0]LogAudioMixer: Display: 	Number of buffers to queue:			  2
[2020.07.24-17.23.11:224][  0]LogAudioMixer: Display: 	Max Channels (voices):				  32
[2020.07.24-17.23.11:224][  0]LogAudioMixer: Display: 	Number of Async Source Workers:		  0
[2020.07.24-17.23.11:224][  0]LogAudio: Display: AudioDevice MaxSources: 32
[2020.07.24-17.23.11:224][  0]LogAudio: Display: Using built-in audio occlusion.
[2020.07.24-17.23.11:224][  0]LogAudioMixer: Display: Initializing audio mixer.
[2020.07.24-17.23.11:255][  0]LogAudioMixer: Display: 0: FrontLeft
[2020.07.24-17.23.11:255][  0]LogAudioMixer: Display: 1: FrontRight
[2020.07.24-17.23.11:255][  0]LogAudioMixer: Display: 2: FrontCenter
[2020.07.24-17.23.11:255][  0]LogAudioMixer: Display: 3: LowFrequency
[2020.07.24-17.23.11:255][  0]LogAudioMixer: Display: 4: BackLeft
[2020.07.24-17.23.11:255][  0]LogAudioMixer: Display: 5: BackRight
[2020.07.24-17.23.11:255][  0]LogAudioMixer: Display: 6: SideLeft
[2020.07.24-17.23.11:255][  0]LogAudioMixer: Display: 7: SideRight
[2020.07.24-17.23.11:312][  0]LogAudioMixer: Display: Using Audio Device Haut-parleurs (Sound BlasterX G6)
[2020.07.24-17.23.11:317][  0]LogAudioMixer: Display: Initializing Sound Submixes...
[2020.07.24-17.23.11:320][  0]LogAudioMixer: Display: Creating Master Submix 'MasterSubmixDefault'
[2020.07.24-17.23.11:320][  0]LogAudioMixer: Display: Creating Master Submix 'MasterReverbSubmixDefault'
[2020.07.24-17.23.11:321][  0]LogAudioMixer: Display: Creating Master Submix 'MasterEQSubmixDefault'
[2020.07.24-17.23.11:322][  0]LogInit: FAudioDevice initialized.
[2020.07.24-17.23.11:322][  0]LogNetVersion: Set ProjectVersion to 1.0.0.0. Version Checksum will be recalculated on next use.
[2020.07.24-17.23.11:555][  0]LogDerivedDataCache: Saved boot cache 0.23s 79MB C:/Users/Cypher/AppData/Local/UnrealEngine/4.25/DerivedDataCache/Boot.ddc.
[2020.07.24-17.23.11:556][  0]LogInit: Texture streaming: Enabled
[2020.07.24-17.23.11:576][  0]LogEngineSessionManager: EngineSessionManager initialized
[2020.07.24-17.23.11:576][  0]LogEditorSessionSummary: Verbose: Initializing EditorSessionSummaryWriter for editor session tracking
[2020.07.24-17.23.11:580][  0]LogEditorSessionSummary: EditorSessionSummaryWriter initialized
[2020.07.24-17.23.11:599][  0]LogInit: Transaction tracking system initialized
[2020.07.24-17.23.11:626][  0]BlueprintLog: New page: Editor Load
[2020.07.24-17.23.11:743][  0]LocalizationService: Localization service is disabled
[2020.07.24-17.23.11:970][  0]LogFileCache: Scanning file cache for directory 'D:/Cours/Projects/aa/BananaTurntable/Content/' took 0.00s
[2020.07.24-17.23.11:970][  0]LogCook: Display: Max memory allowance for cook 16384mb min free memory 0mb
[2020.07.24-17.23.11:970][  0]LogCook: Display: Mobile HDR setting 1
[2020.07.24-17.23.12:474][  0]SourceControl: Source control is disabled
[2020.07.24-17.23.12:474][  0]LogUnrealEdMisc: Loading editor; pre map load, took 10.190
[2020.07.24-17.23.12:474][  0]Cmd: MAP LOAD FILE="../../../Engine/Content/Maps/Templates/Template_Default.umap" TEMPLATE=1 SHOWPROGRESS=1 FEATURELEVEL=3
[2020.07.24-17.23.12:474][  0]LightingResults: New page: Lighting Build
[2020.07.24-17.23.12:475][  0]LogWorld: UWorld::CleanupWorld for Untitled, bSessionEnded=true, bCleanupResources=true
[2020.07.24-17.23.12:475][  0]LogSlate: InvalidateAllWidgets triggered.  All widgets were invalidated
[2020.07.24-17.23.12:475][  0]MapCheck: New page: Map Check
[2020.07.24-17.23.12:475][  0]LightingResults: New page: Lighting Build
[2020.07.24-17.23.12:485][  0]LogAISub: UAISubsystem::~UAISubsystem EnvQueryManager (000001E5F8919600), frame # 0
[2020.07.24-17.23.12:485][  0]LogAISub: UAISubsystem::~UAISubsystem AIPerceptionSystem (000001E5F8935A80), frame # 0
[2020.07.24-17.23.12:486][  0]LogUObjectHash: Compacting FUObjectHashTables data took   0.72ms
[2020.07.24-17.23.12:569][  0]LogAIModule: Creating AISystem for world Untitled_1
[2020.07.24-17.23.12:569][  0]LogAISub: UAISubsystem::UAISubsystem EnvQueryManager (000001E5E19BB200), frame # 0
[2020.07.24-17.23.12:569][  0]LogAISub: UAISubsystem::UAISubsystem AIPerceptionSystem (000001E5EC99A200), frame # 0
[2020.07.24-17.23.12:574][  0]LogEditorServer: Finished looking for orphan Actors (0.000 secs)
[2020.07.24-17.23.12:587][  0]LogUObjectHash: Compacting FUObjectHashTables data took   1.21ms
[2020.07.24-17.23.12:588][  0]Cmd: MAP CHECKDEP NOCLEARLOG
[2020.07.24-17.23.12:588][  0]MapCheck: Map check complete: 0 Error(s), 0 Warning(s), took 0,085ms to complete.
[2020.07.24-17.23.12:588][  0]LogFileHelpers: Loading map 'Template_Default' took 0.114
[2020.07.24-17.23.12:590][  0]LogUnrealEdMisc: Total Editor Startup Time, took 10.307
[2020.07.24-17.23.12:882][  0]LogSlate: Updating window title bar state: overlay mode, drag disabled, window buttons hidden, title bar hidden
[2020.07.24-17.23.12:893][  0]LogSlate: Updating window title bar state: overlay mode, drag disabled, window buttons hidden, title bar hidden
[2020.07.24-17.23.12:906][  0]LogSlate: Updating window title bar state: overlay mode, drag disabled, window buttons hidden, title bar hidden
[2020.07.24-17.23.12:914][  0]LogSlate: Updating window title bar state: overlay mode, drag disabled, window buttons hidden, title bar hidden
[2020.07.24-17.23.12:927][  0]LogCollectionManager: Loaded 0 collections in 0.004381 seconds
[2020.07.24-17.23.12:949][  0]LogFileCache: Scanning file cache for directory 'D:/Cours/Projects/aa/BananaTurntable/Saved/Collections/' took 0.00s
[2020.07.24-17.23.12:949][  0]LogFileCache: Scanning file cache for directory 'D:/Cours/Projects/aa/BananaTurntable/Content/Developers/Cypher/Collections/' took 0.00s
[2020.07.24-17.23.12:949][  0]LogFileCache: Scanning file cache for directory 'D:/Cours/Projects/aa/BananaTurntable/Content/Collections/' took 0.00s
[2020.07.24-17.23.12:949][  0]LogContentBrowser: Native class hierarchy populated in 0.0133 seconds. Added 3427 classes and 821 folders.
[2020.07.24-17.23.12:952][  0]LogContentBrowser: Native class hierarchy updated for 'WidgetCarousel' in 0.0003 seconds. Added 0 classes and 0 folders.
[2020.07.24-17.23.13:090][  0]LogContentBrowser: Native class hierarchy updated for 'AddContentDialog' in 0.0003 seconds. Added 0 classes and 0 folders.
[2020.07.24-17.23.13:092][  0]LogContentBrowser: Native class hierarchy updated for 'SceneOutliner' in 0.0005 seconds. Added 2 classes and 0 folders.
[2020.07.24-17.23.13:120][  0]LogSlate: Took 0.000320 seconds to synchronously load lazily loaded font '../../../Engine/Content/Slate/Fonts/Roboto-Regular.ttf' (155K)
[2020.07.24-17.23.13:122][  0]LogSlate: Took 0.000298 seconds to synchronously load lazily loaded font '../../../Engine/Content/Slate/Fonts/Roboto-Bold.ttf' (160K)
[2020.07.24-17.23.13:173][  0]LogSlate: Took 0.044517 seconds to synchronously load lazily loaded font '../../../Engine/Content/Editor/Slate/Fonts/FontAwesome.ttf' (139K)
[2020.07.24-17.23.13:399][  0]LogRenderer: Reallocating scene render targets to support 1208x572 Format 10 NumSamples 1 (Frame:1).
[2020.07.24-17.23.13:518][  0]LogContentBrowser: Native class hierarchy updated for 'HierarchicalLODOutliner' in 0.0004 seconds. Added 0 classes and 0 folders.
[2020.07.24-17.23.13:518][  0]LogLoad: (Engine Initialization) Total time: 11.23 seconds
[2020.07.24-17.23.13:518][  0]LogLoad: (Engine Initialization) Total Blueprint compile time: 0.00 seconds
[2020.07.24-17.23.13:549][  0]LogContentStreaming: Texture pool size now 1000 MB
[2020.07.24-17.23.25:186][112]LogAssetRegistry: Asset discovery search completed in 16.5561 seconds
[2020.07.24-17.23.25:190][112]LogCollectionManager: Fixed up redirectors for 0 collections in 0.000002 seconds (updated 0 objects)
[2020.07.24-17.24.42:527][897]LogSlate: Took 0.000318 seconds to synchronously load lazily loaded font '../../../Engine/Content/Slate/Fonts/Roboto-Light.ttf' (167K)
[2020.07.24-17.24.42:549][897]LogFactory: FactoryCreateFile: StaticMesh with FbxFactory (0 0 ../../../../../Cours/Projects/aa/BananaTurntable/Content/UnrealBanana/Banana_Model.fbx)
[2020.07.24-17.24.42:568][897]LogFbx: Loading FBX Scene from ../../../../../Cours/Projects/aa/BananaTurntable/Content/UnrealBanana/Banana_Model.fbx
[2020.07.24-17.24.42:580][897]LogFbx: FBX Scene Loaded Succesfully
[2020.07.24-17.25.36:234][897]LogSlate: Window 'FBX Import Options' being destroyed
[2020.07.24-17.25.36:516][897]LogMaterial: Display: Missing cached shader map for material lambert1, compiling. 
[2020.07.24-17.25.36:556][897]LogFbx: Display: Triangulating static mesh pCylinder1
[2020.07.24-17.25.37:001][897]LogShaderCompilers: Display: Worker (1/5): shaders left to compile 15
[2020.07.24-17.25.37:001][897]LogShaderCompilers: Display: Worker (2/5): shaders left to compile 11
[2020.07.24-17.25.37:001][897]LogShaderCompilers: Display: Worker (3/5): shaders left to compile 7
[2020.07.24-17.25.37:001][897]LogShaderCompilers: Display: Worker (4/5): shaders left to compile 3
[2020.07.24-17.25.37:007][897]LogStaticMesh: Building static mesh Banana_Model...
[2020.07.24-17.25.37:086][897]LogStaticMesh: Built static mesh [0.08s] /Game/Banana_Model.Banana_Model
[2020.07.24-17.25.37:146][897]LogFactory: FactoryCreateFile: Texture with ReimportTextureFactory (0 0 ../../../../../Cours/Projects/aa/BananaTurntable/Content/UnrealBanana/Banana_Texture.jpg)
[2020.07.24-17.25.37:169][897]LogTexture: Display: Building textures: Banana_Texture (AutoDXT, 1024X1024)
[2020.07.24-17.25.37:433][897]LogSlate: Took 0.000476 seconds to synchronously load lazily loaded font '../../../Engine/Content/Slate/Fonts/Roboto-Light.ttf' (167K)
[2020.07.24-17.25.52:207][110]LogSlate: Took 0.002491 seconds to synchronously load lazily loaded font '../../../Engine/Content/Slate/Fonts/DroidSansFallback.ttf' (3848K)
[2020.07.24-17.25.55:270][445]Cmd: OBJ SAVEPACKAGE PACKAGE="/Game/Banana_Model" FILE="../../../../../Cours/Projects/aa/BananaTurntable/Content/Banana_Model.uasset" SILENT=true
[2020.07.24-17.25.55:301][445]LogSavePackage: Moving '../../../../../Cours/Projects/aa/BananaTurntable/Saved/Banana_ModelAB86F6834D57F2F1644A87985DDB7B6D.tmp' to '../../../../../Cours/Projects/aa/BananaTurntable/Content/Banana_Model.uasset'
[2020.07.24-17.25.55:310][445]Cmd: OBJ SAVEPACKAGE PACKAGE="/Game/Banana_Texture" FILE="../../../../../Cours/Projects/aa/BananaTurntable/Content/Banana_Texture.uasset" SILENT=true
[2020.07.24-17.25.55:365][445]LogSavePackage: Moving '../../../../../Cours/Projects/aa/BananaTurntable/Saved/Banana_Texture5405E7694CB3DBC3EB5AD28BD1C26B60.tmp' to '../../../../../Cours/Projects/aa/BananaTurntable/Content/Banana_Texture.uasset'
[2020.07.24-17.25.55:380][445]AssetCheck: New page: Asset Save: multiple assets
[2020.07.24-17.25.55:380][445]LogContentValidation: Display: Validating StaticMesh /Game/Banana_Model.Banana_Model
[2020.07.24-17.25.55:380][445]LogContentValidation: Display: Validating Texture2D /Game/Banana_Texture.Banana_Texture
[2020.07.24-17.26.11:219][784]LogActorFactory: Actor Factory created Banana_Model
[2020.07.24-17.26.12:185][891]LogActorFactory: Actor Factory created Banana_Model
[2020.07.24-17.26.53:878][262]LogEditorViewport: Clicking on Actor (LMB): StaticMeshActor (Floor)
[2020.07.24-17.26.54:959][383]LogEditorViewport: Clicking on Actor (LMB): StaticMeshActor (Banana_Model)
[2020.07.24-17.27.09:490][861]LogEditorViewport: Clicking on Actor (LMB): StaticMeshActor (Banana_Model)
[2020.07.24-17.27.25:982][661]LogEditorViewport: Clicking on Actor (LMB): StaticMeshActor (Banana_Model)
[2020.07.24-17.27.32:707][912]LogEditorViewport: Clicking on Actor (LMB): StaticMeshActor (Banana_Model)
[2020.07.24-17.27.45:159][384]LogEditorViewport: Clicking on Actor (LMB): StaticMeshActor (Floor)
[2020.07.24-17.27.45:262][391]LogEditorViewport: Clicking on Component (LMB): StaticMeshComponent (StaticMeshComponent0)
[2020.07.24-17.27.46:649][553]LogEditorViewport: Clicking on Component (LMB): StaticMeshComponent (StaticMeshComponent0)
[2020.07.24-17.27.47:197][616]LogEditorViewport: Clicking on Actor (LMB): StaticMeshActor (Banana_Model)
[2020.07.24-17.28.07:902][839]LogEditorViewport: Clicking on Actor (LMB): StaticMeshActor (Floor)
[2020.07.24-17.28.08:802][938]LogEditorViewport: Clicking on Actor (LMB): StaticMeshActor (Floor)
[2020.07.24-17.28.11:667][275]LogEditorViewport: Clicking on Actor (LMB): StaticMeshActor (Banana_Model)
[2020.07.24-17.28.21:762][966]LogEditorViewport: Clicking on Actor (LMB): StaticMeshActor (Banana_Model)
[2020.07.24-17.29.36:354][263]Cmd: OBJ SAVEPACKAGE PACKAGE="/Game/Banana_Material" FILE="../../../../../Cours/Projects/aa/BananaTurntable/Content/Banana_Material.uasset" SILENT=true
[2020.07.24-17.29.36:361][263]LogSavePackage: Moving '../../../../../Cours/Projects/aa/BananaTurntable/Saved/Banana_MaterialE09132F24CD1D87012D1109258B1029C.tmp' to '../../../../../Cours/Projects/aa/BananaTurntable/Content/Banana_Material.uasset'
[2020.07.24-17.29.36:452][263]LogUObjectHash: Compacting FUObjectHashTables data took   0.67ms
[2020.07.24-17.29.36:472][263]LogUObjectHash: Compacting FUObjectHashTables data took   0.77ms
[2020.07.24-17.29.36:482][263]LogUObjectHash: Compacting FUObjectHashTables data took   0.25ms
[2020.07.24-17.29.36:503][263]AssetCheck: New page: Asset Save: Banana_Material
[2020.07.24-17.29.36:503][263]LogContentValidation: Display: Validating Material /Game/Banana_Material.Banana_Material
[2020.07.24-17.29.42:578][459]LogAssetEditorSubsystem: Opening Asset editor for Material /Game/Banana_Material.Banana_Material
[2020.07.24-17.29.42:579][459]LogMaterial: Display: Missing cached shader map for material Banana_Material, compiling. 
[2020.07.24-17.29.42:879][459]LogMaterial: Display: Missing cached shader map for material Banana_Material, compiling. 
[2020.07.24-17.29.42:894][459]LogShaderCompilers: Display: Worker (1/5): shaders left to compile 9
[2020.07.24-17.29.42:894][459]LogShaderCompilers: Display: Worker (2/5): shaders left to compile 8
[2020.07.24-17.29.42:894][459]LogShaderCompilers: Display: Worker (3/5): shaders left to compile 7
[2020.07.24-17.29.42:894][459]LogShaderCompilers: Display: Worker (4/5): shaders left to compile 6
[2020.07.24-17.29.42:915][459]LogSlate: Took 0.000334 seconds to synchronously load lazily loaded font '../../../Engine/Content/Slate/Fonts/Roboto-BoldCondensed.ttf' (158K)
[2020.07.24-17.29.43:703][490]LogShaderCompilers: Display: Worker (3/5): shaders left to compile 5
[2020.07.24-17.29.43:890][501]LogShaderCompilers: Display: Worker (2/5): shaders left to compile 4
[2020.07.24-17.29.44:029][508]LogShaderCompilers: Display: Worker (1/5): shaders left to compile 3
[2020.07.24-17.29.44:085][510]LogShaderCompilers: Display: Worker (4/5): shaders left to compile 2
[2020.07.24-17.29.44:429][530]LogShaderCompilers: Display: Worker (2/5): shaders left to compile 1
[2020.07.24-17.29.45:538][554]MaterialEditorStats: Base pass shader: 117 instructions
[2020.07.24-17.29.45:538][554]MaterialEditorStats: Base pass shader with Volumetric Lightmap: 191 instructions
[2020.07.24-17.29.45:538][554]MaterialEditorStats: Base pass vertex shader: 40 instructions
[2020.07.24-17.29.45:538][554]MaterialEditorStats: Texture samplers: 2/16
[2020.07.24-17.32.58:031][815]LogMaterial: Display: Missing cached shader map for material Banana_Material, compiling. 
[2020.07.24-17.32.58:038][815]LogMaterial: Display: Missing cached shader map for material FMatExpressionPreview MaterialExpressionTextureSample_0, compiling. 
[2020.07.24-17.32.58:068][816]LogShaderCompilers: Display: Worker (1/5): shaders left to compile 9
[2020.07.24-17.32.58:068][816]LogShaderCompilers: Display: Worker (2/5): shaders left to compile 8
[2020.07.24-17.32.58:068][816]LogShaderCompilers: Display: Worker (3/5): shaders left to compile 7
[2020.07.24-17.32.58:068][816]LogShaderCompilers: Display: Worker (4/5): shaders left to compile 6
[2020.07.24-17.32.58:851][852]LogShaderCompilers: Display: Worker (3/5): shaders left to compile 5
[2020.07.24-17.32.59:188][868]LogShaderCompilers: Display: Worker (2/5): shaders left to compile 4
[2020.07.24-17.32.59:222][870]LogShaderCompilers: Display: Worker (4/5): shaders left to compile 3
[2020.07.24-17.32.59:222][870]LogShaderCompilers: Display: Worker (1/5): shaders left to compile 2
[2020.07.24-17.32.59:714][893]LogShaderCompilers: Display: Worker (2/5): shaders left to compile 1
[2020.07.24-17.33.00:781][912]MaterialEditorStats: Base pass shader: 117 instructions
[2020.07.24-17.33.00:781][912]MaterialEditorStats: Base pass shader with Volumetric Lightmap: 191 instructions
[2020.07.24-17.33.00:781][912]MaterialEditorStats: Base pass vertex shader: 40 instructions
[2020.07.24-17.33.00:781][912]MaterialEditorStats: Texture samplers: 2/16
[2020.07.24-17.33.27:245][197]LogUObjectHash: Compacting FUObjectHashTables data took   0.73ms
[2020.07.24-17.33.27:248][197]Cmd: OBJ SAVEPACKAGE PACKAGE="/Temp/Untitled_1" FILE="../../../../../Cours/Projects/aa/BananaTurntable/Saved/Autosaves/Temp/Untitled_1_Auto1.umap" SILENT=true AUTOSAVING=true KEEPDIRTY=false
[2020.07.24-17.33.27:260][197]LogSavePackage: Moving '../../../../../Cours/Projects/aa/BananaTurntable/Saved/Untitled_1_Auto1C02BA124410BE0E75834C8AC0FEDB544.tmp' to '../../../../../Cours/Projects/aa/BananaTurntable/Saved/Autosaves/Temp/Untitled_1_Auto1.umap'
[2020.07.24-17.33.27:262][197]LogFileHelpers: Editor autosave (incl. sublevels) for '/Temp/Untitled_1' took 0.026
[2020.07.24-17.33.27:262][197]LogFileHelpers: Editor autosave (incl. sublevels) for all levels took 0.026
[2020.07.24-17.33.27:262][197]OBJ SavePackage: Generating thumbnails for [1] asset(s) in package [/Game/lambert1] ([1] browsable assets)...
[2020.07.24-17.33.27:273][197]OBJ SavePackage:     Rendered thumbnail for [Material /Game/lambert1.lambert1]
[2020.07.24-17.33.27:273][197]OBJ SavePackage: Finished generating thumbnails for package [/Game/lambert1]
[2020.07.24-17.33.27:273][197]Cmd: OBJ SAVEPACKAGE PACKAGE="/Game/lambert1" FILE="../../../../../Cours/Projects/aa/BananaTurntable/Saved/Autosaves/Game/lambert1_Auto1.uasset" SILENT=false AUTOSAVING=true
[2020.07.24-17.33.27:279][197]LogSavePackage: Moving '../../../../../Cours/Projects/aa/BananaTurntable/Saved/lambert1_Auto1AC213F194AC79F2C5807CE9B075BEA2C.tmp' to '../../../../../Cours/Projects/aa/BananaTurntable/Saved/Autosaves/Game/lambert1_Auto1.uasset'
[2020.07.24-17.33.27:280][197]LogFileHelpers: Auto-saving content packages took 0.018
[2020.07.24-17.33.35:780][470]LogMaterial: Display: Missing cached shader map for material FMatExpressionPreview MaterialExpressionTextureSample_0, compiling. 
[2020.07.24-17.33.45:615][282]LogMaterial: Display: Missing cached shader map for material Banana_Material, compiling. 
[2020.07.24-17.33.45:628][282]LogMaterial: Display: Missing cached shader map for material FMatExpressionPreview MaterialExpressionTextureSample_0, compiling. 
[2020.07.24-17.33.45:635][282]LogShaderCompilers: Display: Worker (1/5): shaders left to compile 9
[2020.07.24-17.33.45:635][282]LogShaderCompilers: Display: Worker (2/5): shaders left to compile 8
[2020.07.24-17.33.45:635][282]LogShaderCompilers: Display: Worker (3/5): shaders left to compile 7
[2020.07.24-17.33.45:635][282]LogShaderCompilers: Display: Worker (4/5): shaders left to compile 6
[2020.07.24-17.33.45:637][282]LogMaterial: Display: Missing cached shader map for material Banana_Material, compiling. 
[2020.07.24-17.33.46:462][326]LogShaderCompilers: Display: Worker (3/5): shaders left to compile 13
[2020.07.24-17.33.46:667][337]LogShaderCompilers: Display: Worker (2/5): shaders left to compile 12
[2020.07.24-17.33.46:831][346]LogShaderCompilers: Display: Worker (4/5): shaders left to compile 11
[2020.07.24-17.33.46:849][347]LogShaderCompilers: Display: Worker (1/5): shaders left to compile 10
[2020.07.24-17.33.47:061][359]LogShaderCompilers: Display: Worker (3/5): shaders left to compile 9
[2020.07.24-17.33.47:470][377]LogShaderCompilers: Display: Worker (2/5): shaders left to compile 8
[2020.07.24-17.33.47:526][380]LogShaderCompilers: Display: Worker (1/5): shaders left to compile 7
[2020.07.24-17.33.47:628][385]LogShaderCompilers: Display: Worker (4/5): shaders left to compile 6
[2020.07.24-17.33.48:054][404]LogShaderCompilers: Display: Worker (3/5): shaders left to compile 5
[2020.07.24-17.33.48:054][404]LogShaderCompilers: Display: Worker (1/5): shaders left to compile 4
[2020.07.24-17.33.48:166][409]LogShaderCompilers: Display: Worker (2/5): shaders left to compile 3
[2020.07.24-17.33.48:424][419]LogShaderCompilers: Display: Worker (4/5): shaders left to compile 2
[2020.07.24-17.33.48:545][424]LogShaderCompilers: Display: Worker (1/5): shaders left to compile 1
[2020.07.24-17.33.49:787][448]MaterialEditorStats: Base pass shader: 117 instructions
[2020.07.24-17.33.49:787][448]MaterialEditorStats: Base pass shader with Volumetric Lightmap: 191 instructions
[2020.07.24-17.33.49:787][448]MaterialEditorStats: Base pass vertex shader: 40 instructions
[2020.07.24-17.33.49:787][448]MaterialEditorStats: Texture samplers: 2/16
[2020.07.24-17.33.58:035][770]LogMaterial: Display: Missing cached shader map for material Banana_Material, compiling. 
[2020.07.24-17.33.58:048][770]LogShaderCompilers: Display: Worker (1/5): shaders left to compile 9
[2020.07.24-17.33.58:048][770]LogShaderCompilers: Display: Worker (2/5): shaders left to compile 8
[2020.07.24-17.33.58:048][770]LogShaderCompilers: Display: Worker (3/5): shaders left to compile 7
[2020.07.24-17.33.58:048][770]LogShaderCompilers: Display: Worker (4/5): shaders left to compile 6
[2020.07.24-17.33.58:049][770]LogMaterial: Display: Missing cached shader map for material FMatExpressionPreview MaterialExpressionTextureSample_0, compiling. 
[2020.07.24-17.33.58:607][792]LogShaderCompilers: Display: Worker (3/5): shaders left to compile 9
[2020.07.24-17.33.58:842][801]LogShaderCompilers: Display: Worker (2/5): shaders left to compile 8
[2020.07.24-17.33.58:976][805]LogShaderCompilers: Display: Worker (4/5): shaders left to compile 7
[2020.07.24-17.33.58:976][805]LogShaderCompilers: Display: Worker (1/5): shaders left to compile 6
[2020.07.24-17.33.59:402][822]LogShaderCompilers: Display: Worker (2/5): shaders left to compile 5
[2020.07.24-17.33.59:505][826]LogShaderCompilers: Display: Worker (3/5): shaders left to compile 4
[2020.07.24-17.33.59:766][840]LogShaderCompilers: Display: Worker (1/5): shaders left to compile 3
[2020.07.24-17.33.59:802][842]LogShaderCompilers: Display: Worker (4/5): shaders left to compile 2
[2020.07.24-17.33.59:930][850]LogShaderCompilers: Display: Worker (2/5): shaders left to compile 1
[2020.07.24-17.33.59:951][851]MaterialEditorStats: Base pass shader: 120 instructions
[2020.07.24-17.33.59:951][851]MaterialEditorStats: Base pass shader with Volumetric Lightmap: 194 instructions
[2020.07.24-17.33.59:951][851]MaterialEditorStats: Base pass vertex shader: 44 instructions
[2020.07.24-17.33.59:951][851]MaterialEditorStats: Texture samplers: 3/16
[2020.07.24-17.33.59:951][851]MaterialEditorStats: Texture Lookups (Est.): VS(0), PS(1)
[2020.07.24-17.33.59:951][851]MaterialEditorStats: User interpolators: 2/4 Scalars (1/4 Vectors) (TexCoords: 2, Custom: 0)
[2020.07.24-17.34.48:120][799]LogMaterialEditor: Applying material Banana_Material
[2020.07.24-17.34.48:706][799]LogMaterial: Display: Missing cached shader map for material Banana_Material, compiling. 
[2020.07.24-17.34.48:735][799]LogShaderCompilers: Display: Worker (1/5): shaders left to compile 9
[2020.07.24-17.34.48:735][799]LogShaderCompilers: Display: Worker (2/5): shaders left to compile 8
[2020.07.24-17.34.48:735][799]LogShaderCompilers: Display: Worker (3/5): shaders left to compile 7
[2020.07.24-17.34.48:735][799]LogShaderCompilers: Display: Worker (4/5): shaders left to compile 6
[2020.07.24-17.34.48:759][799]LogMaterial: Display: Missing cached shader map for material Banana_Material, compiling. 
[2020.07.24-17.34.48:797][799]LogUObjectHash: Compacting FUObjectHashTables data took   0.98ms
[2020.07.24-17.34.48:806][799]LogMaterial: Display: Missing cached shader map for material DebugViewMode MaterialTexCoordScale, compiling. 
[2020.07.24-17.34.49:371][799]LogShaderCompilers: Display: Worker (3/5): shaders left to compile 22
[2020.07.24-17.34.49:932][799]LogShaderCompilers: Display: Worker (2/5): shaders left to compile 21
[2020.07.24-17.34.49:932][799]LogShaderCompilers: Display: Worker (1/5): shaders left to compile 20
[2020.07.24-17.34.49:932][799]LogShaderCompilers: Display: Worker (4/5): shaders left to compile 19
[2020.07.24-17.34.49:932][799]LogShaderCompilers: Display: Worker (2/5): shaders left to compile 18
[2020.07.24-17.34.50:483][799]LogShaderCompilers: Display: Worker (3/5): shaders left to compile 17
[2020.07.24-17.34.50:483][799]LogShaderCompilers: Display: Worker (4/5): shaders left to compile 16
[2020.07.24-17.34.50:483][799]LogShaderCompilers: Display: Worker (1/5): shaders left to compile 15
[2020.07.24-17.34.50:483][799]LogShaderCompilers: Display: Worker (3/5): shaders left to compile 11
[2020.07.24-17.34.50:483][799]LogShaderCompilers: Display: Worker (2/5): shaders left to compile 8
[2020.07.24-17.34.50:483][799]LogShaderCompilers: Display: Worker (4/5): shaders left to compile 5
[2020.07.24-17.34.50:499][799]TextureStreamingBuild: Display: Compiling optional shaders took 1.701 seconds.
[2020.07.24-17.34.50:524][799]LogUObjectHash: Compacting FUObjectHashTables data took   0.42ms
[2020.07.24-17.34.51:680][842]LogShaderCompilers: Display: Worker (4/5): shaders left to compile 3
[2020.07.24-17.34.51:953][851]LogShaderCompilers: Display: Worker (4/5): shaders left to compile 2
[2020.07.24-17.34.52:339][863]LogShaderCompilers: Display: Worker (3/5): shaders left to compile 1
[2020.07.24-17.34.52:991][877]MaterialEditorStats: Base pass shader: 120 instructions
[2020.07.24-17.34.52:991][877]MaterialEditorStats: Base pass shader with Volumetric Lightmap: 194 instructions
[2020.07.24-17.34.52:991][877]MaterialEditorStats: Base pass vertex shader: 44 instructions
[2020.07.24-17.34.52:991][877]MaterialEditorStats: Texture samplers: 4/16
[2020.07.24-17.34.52:991][877]MaterialEditorStats: Texture Lookups (Est.): VS(0), PS(1)
[2020.07.24-17.34.52:991][877]MaterialEditorStats: User interpolators: 2/4 Scalars (1/4 Vectors) (TexCoords: 2, Custom: 0)
[2020.07.24-17.35.03:146][107]LogMaterialEditor: Saving and Compiling material Banana_Material
[2020.07.24-17.35.03:177][107]Cmd: OBJ SAVEPACKAGE PACKAGE="/Game/Banana_Material" FILE="../../../../../Cours/Projects/aa/BananaTurntable/Content/Banana_Material.uasset" SILENT=true
[2020.07.24-17.35.03:186][107]LogSavePackage: Moving '../../../../../Cours/Projects/aa/BananaTurntable/Saved/Banana_MaterialE222DEF74EC7EDB22F19A9B369836635.tmp' to '../../../../../Cours/Projects/aa/BananaTurntable/Content/Banana_Material.uasset'
[2020.07.24-17.35.03:198][107]AssetCheck: New page: Asset Save: Banana_Material
[2020.07.24-17.35.03:198][107]LogContentValidation: Display: Validating Material /Game/Banana_Material.Banana_Material
[2020.07.24-17.35.04:311][198]LogSlate: Window 'Banana_Material' being destroyed
[2020.07.24-17.35.04:318][198]LogSlate: Window 'Banana_Material' being destroyed
[2020.07.24-17.35.04:339][198]LogWorld: UWorld::CleanupWorld for World_2, bSessionEnded=true, bCleanupResources=true
[2020.07.24-17.35.04:339][198]LogSlate: InvalidateAllWidgets triggered.  All widgets were invalidated
[2020.07.24-17.35.16:872][631]LogSlate: Window 'Save Level As' being destroyed
[2020.07.24-17.35.27:708][105]LogSlate: Window 'Save Level As' being destroyed
[2020.07.24-17.35.29:203][267]LogEditorViewport: Clicking on Actor (LMB): StaticMeshActor (Floor)
[2020.07.24-17.35.36:879][392]LogSlate: Window 'Save Level As' being destroyed
[2020.07.24-17.35.38:740][586]LogSlate: Took 0.012736 seconds to synchronously load lazily loaded font '../../../Engine/Content/Slate/Fonts/Roboto-Italic.ttf' (157K)
[2020.07.24-17.35.49:928][950]LogUObjectHash: Compacting FUObjectHashTables data took   0.77ms
